2017-04-19 11:42:16.6186|INFO|WebSiteMusicBand.MvcApplication|Create News Controller
2017-04-19 11:42:27.6605|INFO|WebSiteMusicBand.MvcApplication|Create News Controller
2017-04-19 11:45:07.5666|INFO|WebSiteMusicBand.MvcApplication|Create News Controller
2017-04-19 11:45:07.7291|INFO|WebSiteMusicBand.MvcApplication|Create News Controller
2017-04-19 11:45:42.4602|INFO|WebSiteMusicBand.MvcApplication|Create News Controller
2017-04-19 11:45:54.2571|INFO|WebSiteMusicBand.MvcApplication|Create News Controller
2017-04-19 11:46:06.5965|INFO|WebSiteMusicBand.MvcApplication|Create News Controller
2017-04-19 11:46:15.2589|INFO|WebSiteMusicBand.MvcApplication|Create News Controller
2017-04-19 11:46:22.7601|INFO|WebSiteMusicBand.MvcApplication|Create News Controller
2017-04-19 11:47:34.6750|INFO|WebSiteMusicBand.MvcApplication|Create News Controller
2017-04-19 11:47:50.8909|INFO|WebSiteMusicBand.MvcApplication|Create News Controller
2017-04-19 11:47:58.7742|INFO|WebSiteMusicBand.MvcApplication|Create News Controller
2017-04-19 11:49:39.3394|INFO|WebSiteMusicBand.MvcApplication|Create News Controller
2017-04-19 11:53:50.0464|INFO|WebSiteMusicBand.MvcApplication|Create News Controller
2017-04-19 11:53:59.6402|INFO|WebSiteMusicBand.MvcApplication|Create News Controller
2017-04-19 11:54:10.0743|INFO|WebSiteMusicBand.MvcApplication|Create News Controller
2017-04-19 11:58:26.6184|INFO|WebSiteMusicBand.MvcApplication|Create News Controller
2017-04-19 12:01:21.8521|INFO|WebSiteMusicBand.MvcApplication|Create News Controller
2017-04-19 12:01:45.7437|INFO|WebSiteMusicBand.MvcApplication|Create News Controller
2017-04-19 12:02:34.7315|INFO|WebSiteMusicBand.MvcApplication|Create News Controller
2017-04-19 12:02:57.5216|INFO|WebSiteMusicBand.MvcApplication|Create News Controller
2017-04-19 12:03:43.1730|INFO|WebSiteMusicBand.MvcApplication|Create News Controller
2017-04-19 12:03:55.1183|INFO|WebSiteMusicBand.MvcApplication|Create News Controller
2017-04-19 12:03:58.3132|INFO|WebSiteMusicBand.MvcApplication|Create News Controller
2017-04-19 12:04:47.6390|INFO|WebSiteMusicBand.MvcApplication|Create News Controller
2017-04-19 12:05:37.3694|INFO|WebSiteMusicBand.MvcApplication|Create News Controller
2017-04-19 12:06:12.0747|INFO|WebSiteMusicBand.MvcApplication|Create News Controller
2017-04-19 12:08:54.1805|INFO|WebSiteMusicBand.MvcApplication|Create News Controller
2017-04-19 12:09:04.3348|INFO|WebSiteMusicBand.MvcApplication|Create News Controller
2017-04-19 12:10:01.8835|INFO|WebSiteMusicBand.MvcApplication|Create News Controller
2017-04-19 12:13:22.8881|INFO|WebSiteMusicBand.MvcApplication|Create News Controller
2017-04-19 12:13:28.4928|INFO|WebSiteMusicBand.MvcApplication|Create News Controller
2017-04-19 12:14:19.3928|INFO|WebSiteMusicBand.MvcApplication|Create News Controller
2017-04-19 12:15:34.0836|INFO|WebSiteMusicBand.MvcApplication|Create News Controller
2017-04-19 12:16:43.4752|INFO|WebSiteMusicBand.MvcApplication|Create News Controller
2017-04-19 12:17:13.7049|INFO|WebSiteMusicBand.MvcApplication|Create News Controller
2017-04-19 12:18:30.9022|INFO|WebSiteMusicBand.MvcApplication|Create News Controller
2017-04-19 12:18:38.0009|INFO|WebSiteMusicBand.MvcApplication|Create News Controller
2017-04-19 12:18:40.8943|INFO|WebSiteMusicBand.MvcApplication|Create News Controller
2017-04-19 12:18:49.6159|INFO|WebSiteMusicBand.MvcApplication|Create News Controller
2017-04-19 12:18:57.8334|INFO|WebSiteMusicBand.MvcApplication|Create News Controller
2017-04-19 12:20:26.4149|INFO|WebSiteMusicBand.MvcApplication|Create News Controller
2017-04-19 12:20:52.1901|INFO|WebSiteMusicBand.MvcApplication|Create News Controller
2017-04-19 12:21:20.7660|INFO|WebSiteMusicBand.MvcApplication|Create News Controller
2017-04-19 12:25:35.3318|INFO|WebSiteMusicBand.MvcApplication|Create News Controller
2017-04-19 12:25:57.0026|INFO|WebSiteMusicBand.MvcApplication|Create News Controller
2017-04-19 12:26:05.4817|INFO|WebSiteMusicBand.MvcApplication|Create News Controller
2017-04-19 12:26:09.8510|INFO|WebSiteMusicBand.MvcApplication|Create News Controller
2017-04-19 12:26:19.6150|INFO|WebSiteMusicBand.MvcApplication|Create News Controller
2017-04-19 12:26:21.7075|INFO|WebSiteMusicBand.MvcApplication|Create News Controller
2017-04-19 12:26:35.9242|INFO|WebSiteMusicBand.MvcApplication|Create News Controller
2017-04-19 12:26:43.4754|INFO|WebSiteMusicBand.MvcApplication|Create News Controller
2017-04-19 12:26:46.8711|INFO|WebSiteMusicBand.MvcApplication|Create News Controller
2017-04-19 12:26:51.3379|INFO|WebSiteMusicBand.MvcApplication|Create News Controller
2017-04-19 12:26:51.4496|INFO|WebSiteMusicBand.MvcApplication|Create News Controller
2017-04-19 12:26:59.5597|INFO|WebSiteMusicBand.MvcApplication|Create News Controller
2017-04-19 12:26:59.6408|INFO|WebSiteMusicBand.MvcApplication|Create News Controller
2017-04-19 12:27:02.9028|INFO|WebSiteMusicBand.MvcApplication|Create News Controller
2017-04-19 12:27:31.8132|INFO|WebSiteMusicBand.MvcApplication|Create News Controller
2017-04-19 12:27:39.7228|INFO|WebSiteMusicBand.MvcApplication|Create News Controller
2017-04-19 12:27:39.8788|INFO|WebSiteMusicBand.MvcApplication|Create News Controller
2017-04-19 12:27:46.0361|INFO|WebSiteMusicBand.MvcApplication|Create News Controller
2017-04-19 12:27:50.6312|INFO|WebSiteMusicBand.MvcApplication|Create News Controller
2017-04-19 13:16:59.0917|INFO|WebSiteMusicBand.MvcApplication|Create News Controller
2017-04-19 13:18:31.1743|INFO|WebSiteMusicBand.MvcApplication|Create News Controller
2017-04-19 13:19:21.0177|INFO|WebSiteMusicBand.MvcApplication|Create News Controller
2017-04-19 13:19:34.8634|INFO|WebSiteMusicBand.MvcApplication|Create News Controller
2017-04-19 13:19:46.0132|INFO|WebSiteMusicBand.MvcApplication|Create News Controller
2017-04-19 13:19:46.0923|INFO|WebSiteMusicBand.MvcApplication|Comment 2009 posted to news 4017
2017-04-19 13:21:52.5703|INFO|WebSiteMusicBand.MvcApplication|Create News Controller
2017-04-19 13:22:13.6674|INFO|WebSiteMusicBand.MvcApplication|Comment 2010 posted to news 4017
2017-04-19 13:24:40.4822|INFO|WebSiteMusicBand.MvcApplication|Create News Controller
2017-04-19 13:25:10.5122|INFO|WebSiteMusicBand.MvcApplication|Create News Controller
2017-04-19 13:25:10.5892|INFO|WebSiteMusicBand.MvcApplication|Create News Controller
2017-04-19 13:25:27.6063|INFO|WebSiteMusicBand.MvcApplication|Create News Controller
2017-04-19 13:27:44.5295|INFO|WebSiteMusicBand.MvcApplication|Create News Controller
2017-04-19 13:27:56.2745|INFO|WebSiteMusicBand.MvcApplication|Create News Controller
2017-04-19 13:28:00.4987|INFO|WebSiteMusicBand.MvcApplication|Create News Controller
2017-04-19 13:28:04.1991|INFO|WebSiteMusicBand.MvcApplication|Create News Controller
2017-04-19 13:35:47.6380|INFO|WebSiteMusicBand.MvcApplication|Create News Controller
2017-04-19 13:35:53.4598|INFO|WebSiteMusicBand.MvcApplication|Create News Controller
2017-04-19 13:35:58.7276|INFO|WebSiteMusicBand.MvcApplication|Create News Controller
2017-04-19 13:36:09.0841|INFO|WebSiteMusicBand.MvcApplication|Create News Controller
2017-04-19 13:36:10.7560|INFO|WebSiteMusicBand.MvcApplication|Create News Controller
2017-04-19 13:36:20.2404|INFO|WebSiteMusicBand.MvcApplication|Create News Controller
2017-04-19 13:37:18.4214|INFO|WebSiteMusicBand.MvcApplication|Create News Controller
2017-04-19 13:37:27.8204|INFO|WebSiteMusicBand.MvcApplication|Create News Controller
2017-04-19 13:38:14.3675|INFO|WebSiteMusicBand.MvcApplication|Create News Controller
2017-04-19 13:38:14.3675|INFO|WebSiteMusicBand.MvcApplication|Create News Controller
2017-04-19 13:38:22.6675|INFO|WebSiteMusicBand.MvcApplication|Create News Controller
2017-04-19 13:39:21.4081|INFO|WebSiteMusicBand.MvcApplication|Create News Controller
2017-04-19 13:39:21.4081|INFO|WebSiteMusicBand.MvcApplication|Create News Controller
2017-04-19 13:39:21.4081|INFO|WebSiteMusicBand.MvcApplication|Create News Controller
2017-04-19 13:39:28.7820|INFO|WebSiteMusicBand.MvcApplication|Create News Controller
2017-04-19 13:40:55.6696|INFO|WebSiteMusicBand.MvcApplication|Create News Controller
2017-04-19 13:41:04.8819|INFO|WebSiteMusicBand.MvcApplication|Create News Controller
2017-04-19 13:46:45.8992|INFO|WebSiteMusicBand.MvcApplication|Create News Controller
2017-04-19 13:46:50.2814|INFO|WebSiteMusicBand.MvcApplication|Create News Controller
2017-04-19 13:48:40.5143|INFO|WebSiteMusicBand.MvcApplication|Create News Controller
2017-04-19 13:48:45.5352|INFO|WebSiteMusicBand.MvcApplication|Create News Controller
2017-04-19 13:49:42.6934|INFO|WebSiteMusicBand.MvcApplication|Create News Controller
2017-04-19 13:50:18.6795|INFO|WebSiteMusicBand.MvcApplication|Create News Controller
2017-04-19 13:50:22.7173|INFO|WebSiteMusicBand.MvcApplication|Create News Controller
2017-04-19 13:51:10.6695|INFO|WebSiteMusicBand.MvcApplication|Create News Controller
2017-04-19 13:52:52.4694|INFO|WebSiteMusicBand.MvcApplication|Create News Controller
2017-04-19 13:52:52.4694|INFO|WebSiteMusicBand.MvcApplication|Create News Controller
2017-04-19 13:53:56.4582|INFO|WebSiteMusicBand.MvcApplication|Create News Controller
2017-04-19 13:53:56.5303|INFO|WebSiteMusicBand.MvcApplication|Comment 2010 edited
2017-04-19 13:54:12.1569|INFO|WebSiteMusicBand.MvcApplication|Create News Controller
2017-04-19 13:54:31.6515|INFO|WebSiteMusicBand.MvcApplication|Comment 2010 edited
2017-04-19 13:54:46.0572|INFO|WebSiteMusicBand.MvcApplication|Create News Controller
2017-04-19 13:54:51.2976|INFO|WebSiteMusicBand.MvcApplication|Create News Controller
2017-04-19 13:55:02.2386|INFO|WebSiteMusicBand.MvcApplication|Create News Controller
2017-04-19 13:55:22.6320|INFO|WebSiteMusicBand.MvcApplication|Create News Controller
2017-04-19 13:55:45.7057|INFO|WebSiteMusicBand.MvcApplication|Comment 2009 edited
2017-04-19 13:57:39.4682|INFO|WebSiteMusicBand.MvcApplication|Create News Controller
2017-04-19 13:57:45.6439|INFO|WebSiteMusicBand.MvcApplication|Create News Controller
2017-04-19 13:57:54.1736|INFO|WebSiteMusicBand.MvcApplication|Create News Controller
2017-04-19 13:57:56.5376|INFO|WebSiteMusicBand.MvcApplication|Create News Controller
2017-04-19 13:59:12.3335|INFO|WebSiteMusicBand.MvcApplication|Create News Controller
2017-04-19 13:59:17.7987|INFO|WebSiteMusicBand.MvcApplication|Create News Controller
2017-04-19 13:59:22.3191|INFO|WebSiteMusicBand.MvcApplication|Create News Controller
2017-04-19 13:59:23.9814|INFO|WebSiteMusicBand.MvcApplication|Create News Controller
2017-04-19 13:59:59.4992|INFO|WebSiteMusicBand.MvcApplication|Create News Controller
2017-04-19 14:00:07.6264|INFO|WebSiteMusicBand.MvcApplication|Create News Controller
2017-04-19 14:00:45.2865|INFO|WebSiteMusicBand.MvcApplication|Create News Controller
2017-04-19 14:01:21.7350|INFO|WebSiteMusicBand.MvcApplication|Create News Controller
2017-04-19 14:01:25.8032|INFO|WebSiteMusicBand.MvcApplication|Create News Controller
2017-04-19 14:01:30.1559|INFO|WebSiteMusicBand.MvcApplication|Create News Controller
2017-04-19 14:01:34.0760|INFO|WebSiteMusicBand.MvcApplication|Create News Controller
2017-04-19 14:01:37.5530|INFO|WebSiteMusicBand.MvcApplication|Create News Controller
2017-04-19 14:01:42.5466|INFO|WebSiteMusicBand.MvcApplication|Create News Controller
2017-04-19 14:01:46.2247|INFO|WebSiteMusicBand.MvcApplication|Create News Controller
2017-04-19 14:02:38.4307|INFO|WebSiteMusicBand.MvcApplication|Create News Controller
2017-04-19 14:02:41.5845|INFO|WebSiteMusicBand.MvcApplication|Create News Controller
2017-04-19 14:02:51.0729|INFO|WebSiteMusicBand.MvcApplication|Create News Controller
2017-04-19 14:02:53.8954|INFO|WebSiteMusicBand.MvcApplication|Create News Controller
2017-04-19 14:02:57.0107|INFO|WebSiteMusicBand.MvcApplication|Create News Controller
2017-04-19 14:12:59.3193|INFO|WebSiteMusicBand.MvcApplication|Create News Controller
2017-04-19 14:13:04.7774|INFO|WebSiteMusicBand.MvcApplication|Create News Controller
2017-04-19 14:14:08.0099|INFO|WebSiteMusicBand.MvcApplication|Create News Controller
2017-04-19 14:14:09.3832|INFO|WebSiteMusicBand.MvcApplication|Create News Controller
2017-04-19 14:14:25.0591|INFO|WebSiteMusicBand.MvcApplication|Create News Controller
2017-04-19 14:14:27.2174|INFO|WebSiteMusicBand.MvcApplication|Create News Controller
2017-04-19 14:14:33.0644|INFO|WebSiteMusicBand.MvcApplication|Create News Controller
2017-04-19 14:14:47.2288|INFO|WebSiteMusicBand.MvcApplication|Create News Controller
2017-04-19 14:15:05.7440|INFO|WebSiteMusicBand.MvcApplication|Create News Controller
2017-04-19 14:15:53.6059|INFO|WebSiteMusicBand.MvcApplication|Create News Controller
2017-04-19 14:16:05.6486|INFO|WebSiteMusicBand.MvcApplication|Create News Controller
2017-04-19 14:16:12.1105|INFO|WebSiteMusicBand.MvcApplication|Create News Controller
2017-04-19 14:16:45.6379|INFO|WebSiteMusicBand.MvcApplication|Create News Controller
2017-04-19 14:18:14.2884|INFO|WebSiteMusicBand.MvcApplication|Create News Controller
2017-04-19 14:18:33.3169|INFO|WebSiteMusicBand.MvcApplication|Create News Controller
2017-04-19 14:18:39.9176|INFO|WebSiteMusicBand.MvcApplication|Create News Controller
2017-04-19 14:18:43.5594|INFO|WebSiteMusicBand.MvcApplication|Create News Controller
2017-04-19 14:19:51.0901|INFO|WebSiteMusicBand.MvcApplication|Create News Controller
2017-04-19 14:20:11.4476|INFO|WebSiteMusicBand.MvcApplication|Create News Controller
2017-04-19 14:20:48.6454|INFO|WebSiteMusicBand.MvcApplication|Create News Controller
2017-04-19 14:20:55.8547|INFO|WebSiteMusicBand.MvcApplication|Create News Controller
2017-04-19 14:21:11.3171|INFO|WebSiteMusicBand.MvcApplication|Create News Controller
2017-04-19 14:21:16.4466|INFO|WebSiteMusicBand.MvcApplication|Comment 2009 deleted
2017-04-19 14:21:16.5026|INFO|WebSiteMusicBand.MvcApplication|Create News Controller
2017-04-19 14:21:31.8082|INFO|WebSiteMusicBand.MvcApplication|Create News Controller
2017-04-19 14:21:37.8604|INFO|WebSiteMusicBand.MvcApplication|Create News Controller
2017-04-19 14:21:37.9029|INFO|WebSiteMusicBand.MvcApplication|Comment 2010 edited
2017-04-19 14:21:37.9659|INFO|WebSiteMusicBand.MvcApplication|Create News Controller
2017-04-19 14:21:47.8247|INFO|WebSiteMusicBand.MvcApplication|Create News Controller
2017-04-19 14:22:22.3992|INFO|WebSiteMusicBand.MvcApplication|Create News Controller
2017-04-19 14:22:24.5122|INFO|WebSiteMusicBand.MvcApplication|Create News Controller
2017-04-19 14:22:27.5765|INFO|WebSiteMusicBand.MvcApplication|Create News Controller
2017-04-19 14:22:29.4629|INFO|WebSiteMusicBand.MvcApplication|Create News Controller
2017-04-19 14:22:32.7679|INFO|WebSiteMusicBand.MvcApplication|Create News Controller
2017-04-19 14:22:36.1326|INFO|WebSiteMusicBand.MvcApplication|Create News Controller
2017-04-19 14:22:38.8082|INFO|WebSiteMusicBand.MvcApplication|Create News Controller
2017-04-19 14:23:38.9785|INFO|WebSiteMusicBand.MvcApplication|Create News Controller
2017-04-19 14:24:12.1680|INFO|WebSiteMusicBand.MvcApplication|Create News Controller
2017-04-19 14:24:24.7809|INFO|WebSiteMusicBand.MvcApplication|Create News Controller
2017-04-19 14:46:42.9023|INFO|WebSiteMusicBand.MvcApplication|Create Members Controller
2017-04-19 14:47:06.1082|INFO|WebSiteMusicBand.MvcApplication|Create Members Controller
2017-04-19 14:47:34.6011|INFO|WebSiteMusicBand.MvcApplication|Create Members Controller
2017-04-19 14:47:44.5320|INFO|WebSiteMusicBand.MvcApplication|Create Members Controller
2017-04-19 14:59:19.5350|INFO|WebSiteMusicBand.MvcApplication|Create News Controller
2017-04-19 14:59:32.9182|INFO|WebSiteMusicBand.MvcApplication|Create Members Controller
2017-04-19 14:59:40.4473|INFO|WebSiteMusicBand.MvcApplication|Create Members Controller
2017-04-19 15:00:53.2247|INFO|WebSiteMusicBand.MvcApplication|Create Members Controller
2017-04-19 15:00:53.3268|INFO|WebSiteMusicBand.MvcApplication|Member 5017 created 
2017-04-19 15:00:53.3836|INFO|WebSiteMusicBand.MvcApplication|Create Members Controller
2017-04-19 15:01:01.3393|INFO|WebSiteMusicBand.MvcApplication|Create Members Controller
2017-04-19 15:01:03.9792|INFO|WebSiteMusicBand.MvcApplication|Create Members Controller
2017-04-19 15:07:05.3890|INFO|WebSiteMusicBand.MvcApplication|Create News Controller
2017-04-19 15:07:22.8691|INFO|WebSiteMusicBand.MvcApplication|Create Members Controller
2017-04-19 15:07:28.9135|INFO|WebSiteMusicBand.MvcApplication|Create Members Controller
2017-04-19 15:07:38.1484|INFO|WebSiteMusicBand.MvcApplication|Create News Controller
2017-04-19 15:11:11.0666|INFO|WebSiteMusicBand.MvcApplication|Create News Controller
2017-04-19 15:12:20.9491|INFO|WebSiteMusicBand.MvcApplication|Create News Controller
2017-04-19 15:12:26.2318|INFO|WebSiteMusicBand.MvcApplication|Create Members Controller
2017-04-19 15:12:29.5585|INFO|WebSiteMusicBand.MvcApplication|Create News Controller
2017-04-19 15:13:07.4225|INFO|WebSiteMusicBand.MvcApplication|Create News Controller
2017-04-19 15:14:04.9556|INFO|WebSiteMusicBand.MvcApplication|Create Members Controller
2017-04-19 15:14:25.3195|INFO|WebSiteMusicBand.MvcApplication|Create Members Controller
2017-04-19 15:14:34.7230|INFO|WebSiteMusicBand.MvcApplication|Create Members Controller
2017-04-19 15:15:55.8411|INFO|WebSiteMusicBand.MvcApplication|Create News Controller
2017-04-19 15:16:03.3643|INFO|WebSiteMusicBand.MvcApplication|Create Members Controller
2017-04-19 15:16:06.0846|INFO|WebSiteMusicBand.MvcApplication|Create Members Controller
2017-04-19 15:16:20.1984|INFO|WebSiteMusicBand.MvcApplication|Create Members Controller
2017-04-19 15:16:25.3341|INFO|WebSiteMusicBand.MvcApplication|Create Members Controller
2017-04-19 15:16:25.4367|INFO|WebSiteMusicBand.MvcApplication|Member 5018 created 
2017-04-19 15:16:25.4952|INFO|WebSiteMusicBand.MvcApplication|Create Members Controller
2017-04-19 15:16:30.4568|INFO|WebSiteMusicBand.MvcApplication|Create Members Controller
2017-04-19 15:16:32.5751|INFO|WebSiteMusicBand.MvcApplication|Create Members Controller
2017-04-19 15:16:59.8914|INFO|WebSiteMusicBand.MvcApplication|Create Members Controller
2017-04-19 15:17:02.0887|INFO|WebSiteMusicBand.MvcApplication|Create Members Controller
2017-04-19 15:17:04.4180|INFO|WebSiteMusicBand.MvcApplication|Create Members Controller
2017-04-19 15:18:27.8612|INFO|WebSiteMusicBand.MvcApplication|Create Members Controller
2017-04-19 15:18:27.8612|INFO|WebSiteMusicBand.MvcApplication|Create News Controller
2017-04-19 15:18:49.4816|INFO|WebSiteMusicBand.MvcApplication|Create Members Controller
2017-04-19 15:18:49.6116|INFO|WebSiteMusicBand.MvcApplication|Member 5018 deleted
2017-04-19 15:18:49.6861|INFO|WebSiteMusicBand.MvcApplication|Create Members Controller
2017-04-19 15:18:54.8931|INFO|WebSiteMusicBand.MvcApplication|Create Members Controller
2017-04-19 15:21:31.3306|INFO|WebSiteMusicBand.MvcApplication|Create News Controller
2017-04-19 15:28:16.8336|INFO|WebSiteMusicBand.MvcApplication|Create Members Controller
2017-04-19 15:28:16.8336|INFO|WebSiteMusicBand.MvcApplication|Create Members Controller
2017-04-19 15:28:22.9806|INFO|WebSiteMusicBand.MvcApplication|Create Members Controller
2017-04-19 15:28:27.4215|INFO|WebSiteMusicBand.MvcApplication|Create Members Controller
2017-04-19 15:28:32.5276|INFO|WebSiteMusicBand.MvcApplication|Create Members Controller
2017-04-19 15:28:32.6092|INFO|WebSiteMusicBand.MvcApplication|Member 5019 created 
2017-04-19 15:28:32.6802|INFO|WebSiteMusicBand.MvcApplication|Create Members Controller
2017-04-19 15:28:35.2660|INFO|WebSiteMusicBand.MvcApplication|Create Members Controller
2017-04-19 15:28:39.4900|INFO|WebSiteMusicBand.MvcApplication|Create Members Controller
2017-04-19 15:30:33.3268|INFO|WebSiteMusicBand.MvcApplication|Create News Controller
2017-04-19 15:31:11.1739|INFO|WebSiteMusicBand.MvcApplication|Create Members Controller
2017-04-19 15:31:18.9885|INFO|WebSiteMusicBand.MvcApplication|Create Members Controller
2017-04-19 15:31:24.5408|INFO|WebSiteMusicBand.MvcApplication|Create Members Controller
2017-04-19 15:31:24.6323|INFO|WebSiteMusicBand.MvcApplication|Member 5019 edited
2017-04-19 15:31:24.6893|INFO|WebSiteMusicBand.MvcApplication|Create Members Controller
2017-04-19 15:31:26.7945|INFO|WebSiteMusicBand.MvcApplication|Create Members Controller
2017-04-19 15:31:46.1988|INFO|WebSiteMusicBand.MvcApplication|Create Members Controller
2017-04-19 15:31:52.6008|INFO|WebSiteMusicBand.MvcApplication|Create Members Controller
2017-04-19 15:31:55.2076|INFO|WebSiteMusicBand.MvcApplication|Create Members Controller
2017-04-19 15:31:57.3445|INFO|WebSiteMusicBand.MvcApplication|Create Members Controller
2017-04-19 15:31:57.4700|INFO|WebSiteMusicBand.MvcApplication|Member 5019 deleted
2017-04-19 15:31:57.5285|INFO|WebSiteMusicBand.MvcApplication|Create Members Controller
2017-04-19 15:31:59.7229|INFO|WebSiteMusicBand.MvcApplication|Create Members Controller
2017-04-19 15:33:32.0211|INFO|WebSiteMusicBand.MvcApplication|Create Members Controller
2017-04-19 15:33:32.0591|INFO|WebSiteMusicBand.MvcApplication|Member 5020 created 
2017-04-19 15:33:32.1141|INFO|WebSiteMusicBand.MvcApplication|Create Members Controller
2017-04-19 15:33:39.7146|INFO|WebSiteMusicBand.MvcApplication|Create Members Controller
2017-04-19 15:34:37.4547|INFO|WebSiteMusicBand.MvcApplication|Create Members Controller
2017-04-19 15:34:37.4837|INFO|WebSiteMusicBand.MvcApplication|Member 5020 edited
2017-04-19 15:34:37.5583|INFO|WebSiteMusicBand.MvcApplication|Create Members Controller
2017-04-19 15:34:42.5822|INFO|WebSiteMusicBand.MvcApplication|Create Members Controller
2017-04-19 15:34:44.6749|INFO|WebSiteMusicBand.MvcApplication|Create Members Controller
2017-04-19 15:35:04.1461|INFO|WebSiteMusicBand.MvcApplication|Create Members Controller
2017-04-19 15:35:04.1921|INFO|WebSiteMusicBand.MvcApplication|Member 5021 created 
2017-04-19 15:35:04.2456|INFO|WebSiteMusicBand.MvcApplication|Create Members Controller
2017-04-19 15:35:07.5342|INFO|WebSiteMusicBand.MvcApplication|Create Members Controller
2017-04-19 15:35:09.8812|INFO|WebSiteMusicBand.MvcApplication|Create Members Controller
2017-04-19 15:35:30.5367|INFO|WebSiteMusicBand.MvcApplication|Create Members Controller
2017-04-19 15:35:30.5730|INFO|WebSiteMusicBand.MvcApplication|Member 5022 created 
2017-04-19 15:35:30.6280|INFO|WebSiteMusicBand.MvcApplication|Create Members Controller
2017-04-19 15:35:34.2611|INFO|WebSiteMusicBand.MvcApplication|Create Members Controller
2017-04-19 15:35:36.0211|INFO|WebSiteMusicBand.MvcApplication|Create Members Controller
2017-04-19 15:35:52.1690|INFO|WebSiteMusicBand.MvcApplication|Create Members Controller
2017-04-19 15:35:52.1960|INFO|WebSiteMusicBand.MvcApplication|Member 5023 created 
2017-04-19 15:35:52.2616|INFO|WebSiteMusicBand.MvcApplication|Create Members Controller
2017-04-19 15:35:58.0426|INFO|WebSiteMusicBand.MvcApplication|Create Members Controller
2017-04-19 15:35:59.5792|INFO|WebSiteMusicBand.MvcApplication|Create Members Controller
2017-04-19 15:36:09.4162|INFO|WebSiteMusicBand.MvcApplication|Create Members Controller
2017-04-19 15:36:09.4432|INFO|WebSiteMusicBand.MvcApplication|Member 5024 created 
2017-04-19 15:36:09.5063|INFO|WebSiteMusicBand.MvcApplication|Create Members Controller
2017-04-19 15:36:14.0439|INFO|WebSiteMusicBand.MvcApplication|Create Members Controller
2017-04-19 15:36:16.7365|INFO|WebSiteMusicBand.MvcApplication|Create News Controller
2017-04-19 15:36:20.3476|INFO|WebSiteMusicBand.MvcApplication|Create Members Controller
2017-04-19 15:36:23.0352|INFO|WebSiteMusicBand.MvcApplication|Create Members Controller
2017-04-19 15:36:43.4571|INFO|WebSiteMusicBand.MvcApplication|Create Members Controller
2017-04-19 15:37:06.3639|INFO|WebSiteMusicBand.MvcApplication|Create Members Controller
2017-04-19 15:38:22.7354|INFO|WebSiteMusicBand.MvcApplication|Create Members Controller
2017-04-19 15:38:33.8044|INFO|WebSiteMusicBand.MvcApplication|Create News Controller
2017-04-19 15:38:42.2734|INFO|WebSiteMusicBand.MvcApplication|Create News Controller
2017-04-19 15:39:04.9986|INFO|WebSiteMusicBand.MvcApplication|Create News Controller
2017-04-19 15:39:27.5267|INFO|WebSiteMusicBand.MvcApplication|Create News Controller
2017-04-19 16:35:58.8995|INFO|WebSiteMusicBand.MvcApplication|Create News Controller
2017-04-19 16:36:24.3562|INFO|WebSiteMusicBand.MvcApplication|Create News Controller
2017-04-19 16:36:38.7047|INFO|WebSiteMusicBand.MvcApplication|Create Members Controller
2017-04-19 16:36:41.4767|INFO|WebSiteMusicBand.MvcApplication|Create Members Controller
2017-04-19 16:39:41.0518|INFO|WebSiteMusicBand.MvcApplication|Create News Controller
2017-04-19 16:40:17.1624|INFO|WebSiteMusicBand.MvcApplication|Create News Controller
2017-04-19 16:40:28.1940|INFO|WebSiteMusicBand.MvcApplication|Create Members Controller
2017-04-19 16:40:34.8476|INFO|WebSiteMusicBand.MvcApplication|Create Members Controller
2017-04-19 16:40:38.4489|INFO|WebSiteMusicBand.MvcApplication|Create News Controller
2017-04-19 16:40:53.8765|INFO|WebSiteMusicBand.MvcApplication|Create Members Controller
2017-04-19 17:12:36.8201|INFO|WebSiteMusicBand.MvcApplication|Create Members Controller
2017-04-19 17:12:44.7969|INFO|WebSiteMusicBand.MvcApplication|Create Members Controller
2017-04-19 17:12:47.4071|INFO|WebSiteMusicBand.MvcApplication|Create Members Controller
2017-04-19 17:17:13.6591|INFO|WebSiteMusicBand.MvcApplication|Create Members Controller
2017-04-19 17:18:01.0381|INFO|WebSiteMusicBand.MvcApplication|Create Members Controller
2017-04-19 17:18:44.8963|INFO|WebSiteMusicBand.MvcApplication|Create Members Controller
2017-04-19 17:19:03.0660|INFO|WebSiteMusicBand.MvcApplication|Create Members Controller
2017-04-19 17:19:13.8787|INFO|WebSiteMusicBand.MvcApplication|Create Members Controller
2017-04-19 17:19:43.3434|INFO|WebSiteMusicBand.MvcApplication|Create Members Controller
2017-04-19 17:20:43.9671|INFO|WebSiteMusicBand.MvcApplication|Create Members Controller
2017-04-19 17:22:01.8937|INFO|WebSiteMusicBand.MvcApplication|Create Members Controller
2017-04-19 17:23:08.4554|INFO|WebSiteMusicBand.MvcApplication|Create Members Controller
2017-04-19 17:23:08.6890|INFO|WebSiteMusicBand.MvcApplication|Create Members Controller
2017-04-19 17:36:55.3860|INFO|WebSiteMusicBand.MvcApplication|Create News Controller
2017-04-19 17:37:02.0325|INFO|WebSiteMusicBand.MvcApplication|Create Members Controller
2017-04-19 17:37:04.3455|INFO|WebSiteMusicBand.MvcApplication|Create Members Controller
2017-04-19 17:37:10.8752|INFO|WebSiteMusicBand.MvcApplication|Create Members Controller
2017-04-19 17:38:38.4416|INFO|WebSiteMusicBand.MvcApplication|Create Members Controller
2017-04-19 17:40:25.4611|INFO|WebSiteMusicBand.MvcApplication|Create News Controller
2017-04-19 17:40:31.7370|INFO|WebSiteMusicBand.MvcApplication|Create News Controller
2017-04-19 17:40:33.7664|INFO|WebSiteMusicBand.MvcApplication|Create Members Controller
2017-04-19 17:40:38.9849|INFO|WebSiteMusicBand.MvcApplication|Create Members Controller
2017-04-19 17:40:41.3741|INFO|WebSiteMusicBand.MvcApplication|Create Members Controller
2017-04-19 17:41:30.8062|INFO|WebSiteMusicBand.MvcApplication|Create Members Controller
2017-04-19 17:41:30.8592|INFO|WebSiteMusicBand.MvcApplication|Member 5025 created 
2017-04-19 17:41:30.9122|INFO|WebSiteMusicBand.MvcApplication|Create Members Controller
2017-04-19 17:41:35.1814|INFO|WebSiteMusicBand.MvcApplication|Create Members Controller
2017-04-19 17:41:38.9342|INFO|WebSiteMusicBand.MvcApplication|Create Members Controller
2017-04-19 17:41:51.3046|INFO|WebSiteMusicBand.MvcApplication|Create Members Controller
2017-04-19 17:41:51.3311|INFO|WebSiteMusicBand.MvcApplication|Member 5026 created 
2017-04-19 17:41:51.4026|INFO|WebSiteMusicBand.MvcApplication|Create Members Controller
2017-04-19 17:41:54.0995|INFO|WebSiteMusicBand.MvcApplication|Create Members Controller
2017-04-19 17:42:02.7436|INFO|WebSiteMusicBand.MvcApplication|Create Members Controller
2017-04-19 17:42:10.3581|INFO|WebSiteMusicBand.MvcApplication|Create Members Controller
2017-04-19 17:42:10.3931|INFO|WebSiteMusicBand.MvcApplication|Member 5027 created 
2017-04-19 17:42:10.4436|INFO|WebSiteMusicBand.MvcApplication|Create Members Controller
2017-04-19 17:42:11.9391|INFO|WebSiteMusicBand.MvcApplication|Create Members Controller
2017-04-19 17:42:16.3734|INFO|WebSiteMusicBand.MvcApplication|Create Members Controller
2017-04-19 17:42:23.6234|INFO|WebSiteMusicBand.MvcApplication|Create Members Controller
2017-04-19 17:42:23.6579|INFO|WebSiteMusicBand.MvcApplication|Member 5028 created 
2017-04-19 17:42:23.7069|INFO|WebSiteMusicBand.MvcApplication|Create Members Controller
2017-04-19 17:42:31.4302|INFO|WebSiteMusicBand.MvcApplication|Create Members Controller
2017-04-19 17:42:35.8054|INFO|WebSiteMusicBand.MvcApplication|Create Members Controller
2017-04-19 17:42:58.7366|INFO|WebSiteMusicBand.MvcApplication|Create Members Controller
2017-04-19 17:42:58.7729|INFO|WebSiteMusicBand.MvcApplication|Member 5029 created 
2017-04-19 17:42:58.8319|INFO|WebSiteMusicBand.MvcApplication|Create Members Controller
2017-04-19 17:43:01.3470|INFO|WebSiteMusicBand.MvcApplication|Create Members Controller
2017-04-19 17:43:05.3184|INFO|WebSiteMusicBand.MvcApplication|Create Members Controller
2017-04-19 17:43:05.3554|INFO|WebSiteMusicBand.MvcApplication|Member 5029 edited
2017-04-19 17:43:05.4154|INFO|WebSiteMusicBand.MvcApplication|Create Members Controller
2017-04-19 17:43:13.6542|INFO|WebSiteMusicBand.MvcApplication|Create Members Controller
2017-04-19 17:43:21.1282|INFO|WebSiteMusicBand.MvcApplication|Create Members Controller
2017-04-19 17:43:58.3022|INFO|WebSiteMusicBand.MvcApplication|Create Members Controller
2017-04-19 17:43:58.3302|INFO|WebSiteMusicBand.MvcApplication|Member 5030 created 
2017-04-19 17:43:58.3977|INFO|WebSiteMusicBand.MvcApplication|Create Members Controller
2017-04-19 17:44:08.5766|INFO|WebSiteMusicBand.MvcApplication|Create Members Controller
2017-04-19 17:44:10.4109|INFO|WebSiteMusicBand.MvcApplication|Create Members Controller
2017-04-19 17:44:51.8090|INFO|WebSiteMusicBand.MvcApplication|Create Members Controller
2017-04-19 17:44:51.8372|INFO|WebSiteMusicBand.MvcApplication|Member 5031 created 
2017-04-19 17:44:51.9057|INFO|WebSiteMusicBand.MvcApplication|Create Members Controller
2017-04-19 17:44:54.3244|INFO|WebSiteMusicBand.MvcApplication|Create Members Controller
2017-04-19 17:45:00.8427|INFO|WebSiteMusicBand.MvcApplication|Create Members Controller
2017-04-19 17:45:19.4751|INFO|WebSiteMusicBand.MvcApplication|Create Members Controller
2017-04-19 17:45:19.5032|INFO|WebSiteMusicBand.MvcApplication|Member 5032 created 
2017-04-19 17:45:19.5602|INFO|WebSiteMusicBand.MvcApplication|Create Members Controller
2017-04-19 17:45:25.5528|INFO|WebSiteMusicBand.MvcApplication|Create Members Controller
2017-04-19 17:46:44.2781|INFO|WebSiteMusicBand.MvcApplication|Create Members Controller
2017-04-19 17:47:44.7585|INFO|WebSiteMusicBand.MvcApplication|Create Members Controller
2017-04-19 17:48:27.6137|INFO|WebSiteMusicBand.MvcApplication|Create News Controller
2017-04-19 17:48:31.1975|INFO|WebSiteMusicBand.MvcApplication|Create News Controller
2017-04-19 17:53:48.5208|INFO|WebSiteMusicBand.MvcApplication|Create News Controller
2017-04-19 17:56:35.8003|INFO|WebSiteMusicBand.MvcApplication|Create News Controller
2017-04-19 17:58:47.3820|INFO|WebSiteMusicBand.MvcApplication|Create News Controller
2017-04-19 17:58:52.7030|INFO|WebSiteMusicBand.MvcApplication|Create News Controller
2017-04-19 18:01:24.3965|INFO|WebSiteMusicBand.MvcApplication|Create News Controller
2017-04-19 18:03:36.2821|INFO|WebSiteMusicBand.MvcApplication|Create News Controller
2017-04-19 18:11:25.2170|INFO|WebSiteMusicBand.MvcApplication|Create News Controller
2017-04-20 12:23:28.5791|INFO|WebSiteMusicBand.MvcApplication|Create News Controller
2017-04-20 12:23:37.6350|INFO|WebSiteMusicBand.MvcApplication|Create News Controller
2017-04-20 12:23:52.0648|INFO|WebSiteMusicBand.MvcApplication|Create News Controller
2017-04-20 12:26:00.1422|INFO|WebSiteMusicBand.MvcApplication|Create News Controller
2017-04-20 12:26:00.3497|INFO|WebSiteMusicBand.MvcApplication|Create News Controller
2017-04-20 12:26:00.3708|INFO|WebSiteMusicBand.MvcApplication|Create News Controller
2017-04-20 12:27:09.7822|INFO|WebSiteMusicBand.MvcApplication|Create News Controller
2017-04-20 12:28:02.0378|INFO|WebSiteMusicBand.MvcApplication|Create News Controller
2017-04-20 12:28:26.3369|INFO|WebSiteMusicBand.MvcApplication|Create News Controller
2017-04-20 12:30:32.0869|INFO|WebSiteMusicBand.MvcApplication|Create News Controller
2017-04-20 12:31:09.2345|INFO|WebSiteMusicBand.MvcApplication|Create News Controller
2017-04-20 12:32:03.2621|INFO|WebSiteMusicBand.MvcApplication|Create News Controller
2017-04-20 12:33:41.8879|INFO|WebSiteMusicBand.MvcApplication|Create News Controller
2017-04-20 12:36:20.1981|INFO|WebSiteMusicBand.MvcApplication|Create News Controller
2017-04-20 12:37:24.9950|INFO|WebSiteMusicBand.MvcApplication|Create News Controller
2017-04-20 12:37:34.8519|INFO|WebSiteMusicBand.MvcApplication|Create News Controller
2017-04-20 13:17:38.6214|INFO|WebSiteMusicBand.MvcApplication|Create News Controller
2017-04-20 13:17:45.5782|INFO|WebSiteMusicBand.MvcApplication|Create News Controller
2017-04-20 13:17:57.3096|INFO|WebSiteMusicBand.MvcApplication|Create News Controller
2017-04-20 13:18:01.7203|INFO|WebSiteMusicBand.MvcApplication|Create News Controller
2017-04-20 13:19:42.8513|INFO|WebSiteMusicBand.MvcApplication|Create News Controller
2017-04-20 13:19:49.5973|INFO|WebSiteMusicBand.MvcApplication|Create News Controller
2017-04-20 13:19:56.1361|INFO|WebSiteMusicBand.MvcApplication|Create News Controller
2017-04-20 13:24:06.1664|INFO|WebSiteMusicBand.MvcApplication|Create News Controller
2017-04-20 13:24:16.9470|INFO|WebSiteMusicBand.MvcApplication|Create News Controller
2017-04-20 13:24:21.0271|INFO|WebSiteMusicBand.MvcApplication|Create News Controller
2017-04-20 13:25:00.8523|INFO|WebSiteMusicBand.MvcApplication|Create News Controller
2017-04-20 13:26:48.5678|INFO|WebSiteMusicBand.MvcApplication|Create News Controller
2017-04-20 13:26:48.7148|INFO|WebSiteMusicBand.MvcApplication|Create News Controller
2017-04-20 13:26:57.4925|INFO|WebSiteMusicBand.MvcApplication|Create News Controller
2017-04-20 13:29:04.7027|INFO|WebSiteMusicBand.MvcApplication|Create News Controller
2017-04-20 13:31:16.3874|INFO|WebSiteMusicBand.MvcApplication|Create News Controller
2017-04-20 13:31:31.3763|INFO|WebSiteMusicBand.MvcApplication|Create News Controller
2017-04-20 13:31:40.2362|INFO|WebSiteMusicBand.MvcApplication|Create News Controller
2017-04-20 13:36:17.7482|INFO|WebSiteMusicBand.MvcApplication|Create News Controller
2017-04-20 13:36:26.6091|INFO|WebSiteMusicBand.MvcApplication|Create News Controller
2017-04-20 13:37:35.6664|INFO|WebSiteMusicBand.MvcApplication|Create News Controller
2017-04-20 13:37:35.8509|INFO|WebSiteMusicBand.MvcApplication|Create News Controller
2017-04-20 13:37:47.1630|INFO|WebSiteMusicBand.MvcApplication|Create News Controller
2017-04-20 13:37:47.2385|INFO|WebSiteMusicBand.MvcApplication|Create News Controller
2017-04-20 13:37:52.7072|INFO|WebSiteMusicBand.MvcApplication|Create News Controller
2017-04-20 13:37:58.2499|INFO|WebSiteMusicBand.MvcApplication|Create News Controller
2017-04-20 13:38:00.6452|INFO|WebSiteMusicBand.MvcApplication|Create News Controller
2017-04-20 13:38:00.7102|INFO|WebSiteMusicBand.MvcApplication|Create News Controller
2017-04-20 14:01:16.5540|INFO|WebSiteMusicBand.MvcApplication|Create News Controller
2017-04-20 14:01:43.0475|INFO|WebSiteMusicBand.MvcApplication|Create News Controller
2017-04-20 14:01:44.8751|INFO|WebSiteMusicBand.MvcApplication|Create News Controller
2017-04-20 14:01:52.1722|INFO|WebSiteMusicBand.MvcApplication|Create News Controller
2017-04-20 14:01:52.2512|INFO|WebSiteMusicBand.MvcApplication|Comment 3009 posted to news 4017
2017-04-20 14:01:52.3207|INFO|WebSiteMusicBand.MvcApplication|Create News Controller
2017-04-20 14:02:03.3165|INFO|WebSiteMusicBand.MvcApplication|Create News Controller
2017-04-20 14:02:03.3405|INFO|WebSiteMusicBand.MvcApplication|Comment 3010 posted to news 4017
2017-04-20 14:02:03.4001|INFO|WebSiteMusicBand.MvcApplication|Create News Controller
2017-04-20 14:02:09.8368|INFO|WebSiteMusicBand.MvcApplication|Create News Controller
2017-04-20 14:02:12.9207|INFO|WebSiteMusicBand.MvcApplication|Create News Controller
2017-04-20 14:02:14.8609|INFO|WebSiteMusicBand.MvcApplication|Create News Controller
2017-04-20 14:02:19.0991|INFO|WebSiteMusicBand.MvcApplication|Create News Controller
2017-04-20 14:02:21.3108|INFO|WebSiteMusicBand.MvcApplication|Create News Controller
2017-04-20 14:02:27.6492|INFO|WebSiteMusicBand.MvcApplication|Create News Controller
2017-04-20 14:05:07.6072|INFO|WebSiteMusicBand.MvcApplication|Create News Controller
2017-04-20 14:06:44.0373|INFO|WebSiteMusicBand.MvcApplication|Create News Controller
2017-04-20 14:06:51.7438|INFO|WebSiteMusicBand.MvcApplication|Create News Controller
2017-04-20 14:06:59.3355|INFO|WebSiteMusicBand.MvcApplication|Create News Controller
2017-04-20 14:06:59.4100|INFO|WebSiteMusicBand.MvcApplication|Comment 1008 edited
2017-04-20 14:06:59.4710|INFO|WebSiteMusicBand.MvcApplication|Create News Controller
2017-04-20 14:07:11.1742|INFO|WebSiteMusicBand.MvcApplication|Create News Controller
2017-04-20 14:07:12.6024|INFO|WebSiteMusicBand.MvcApplication|Create Members Controller
2017-04-20 14:07:16.9657|INFO|WebSiteMusicBand.MvcApplication|Create Members Controller
2017-04-20 14:10:24.5379|INFO|WebSiteMusicBand.MvcApplication|Create News Controller
2017-04-20 17:26:46.7535|INFO|WebSiteMusicBand.MvcApplication|Create News Controller
2017-04-20 17:27:45.9491|INFO|WebSiteMusicBand.MvcApplication|Create News Controller
2017-04-20 17:27:57.0652|INFO|WebSiteMusicBand.MvcApplication|Create News Controller
2017-04-20 17:28:18.1162|INFO|WebSiteMusicBand.MvcApplication|Create News Controller
2017-04-20 17:28:26.4343|INFO|WebSiteMusicBand.MvcApplication|Create News Controller
2017-04-20 17:28:31.3834|INFO|WebSiteMusicBand.MvcApplication|Create News Controller
2017-04-20 17:28:36.2545|INFO|WebSiteMusicBand.MvcApplication|Create News Controller
2017-04-20 17:28:38.7092|INFO|WebSiteMusicBand.MvcApplication|Create News Controller
2017-04-20 17:28:42.2104|INFO|WebSiteMusicBand.MvcApplication|Create News Controller
2017-04-20 17:28:50.9334|INFO|WebSiteMusicBand.MvcApplication|Create News Controller
2017-04-20 17:28:57.2470|INFO|WebSiteMusicBand.MvcApplication|Create News Controller
2017-04-20 17:28:59.5552|INFO|WebSiteMusicBand.MvcApplication|Create News Controller
2017-04-20 17:29:01.8708|INFO|WebSiteMusicBand.MvcApplication|Create News Controller
2017-04-20 17:29:09.1355|INFO|WebSiteMusicBand.MvcApplication|Create News Controller
2017-04-20 17:29:12.3802|INFO|WebSiteMusicBand.MvcApplication|Create News Controller
2017-04-20 17:29:14.5607|INFO|WebSiteMusicBand.MvcApplication|Create News Controller
2017-04-20 17:29:20.8500|INFO|WebSiteMusicBand.MvcApplication|Create News Controller
2017-04-20 17:31:04.1652|INFO|WebSiteMusicBand.MvcApplication|Create News Controller
2017-04-20 17:31:04.1652|INFO|WebSiteMusicBand.MvcApplication|Create News Controller
2017-04-20 17:31:11.8937|INFO|WebSiteMusicBand.MvcApplication|Create News Controller
2017-04-20 17:31:13.9518|INFO|WebSiteMusicBand.MvcApplication|Create News Controller
2017-04-20 17:31:17.6658|INFO|WebSiteMusicBand.MvcApplication|Create News Controller
2017-04-20 17:31:21.1495|INFO|WebSiteMusicBand.MvcApplication|Create News Controller
2017-04-20 17:34:12.9928|INFO|WebSiteMusicBand.MvcApplication|Create News Controller
2017-04-20 17:34:18.9550|INFO|WebSiteMusicBand.MvcApplication|Create News Controller
2017-04-20 17:35:12.2513|INFO|WebSiteMusicBand.MvcApplication|Create News Controller
2017-04-20 17:35:29.4219|INFO|WebSiteMusicBand.MvcApplication|Create News Controller
2017-04-20 17:35:46.3691|INFO|WebSiteMusicBand.MvcApplication|Create News Controller
2017-04-20 19:19:26.5820|INFO|WebSiteMusicBand.MvcApplication|Create News Controller
2017-04-20 19:19:34.5849|INFO|WebSiteMusicBand.MvcApplication|Create News Controller
2017-04-20 19:19:47.1368|INFO|WebSiteMusicBand.MvcApplication|Create News Controller
2017-04-20 19:19:47.2564|INFO|WebSiteMusicBand.MvcApplication|Comment 4009 posted to news 4017
2017-04-20 19:19:47.3124|INFO|WebSiteMusicBand.MvcApplication|Create News Controller
2017-04-20 19:20:00.4897|INFO|WebSiteMusicBand.MvcApplication|Create News Controller
2017-04-20 19:20:04.1128|INFO|WebSiteMusicBand.MvcApplication|Create News Controller
2017-04-20 19:20:04.1824|INFO|WebSiteMusicBand.MvcApplication|Comment 3009 deleted
2017-04-20 19:20:04.2284|INFO|WebSiteMusicBand.MvcApplication|Create News Controller
2017-04-20 19:20:10.8148|INFO|WebSiteMusicBand.MvcApplication|Create News Controller
2017-04-20 19:20:16.2200|INFO|WebSiteMusicBand.MvcApplication|Create News Controller
2017-04-20 19:20:19.6872|INFO|WebSiteMusicBand.MvcApplication|Created History Controller
2017-04-20 19:21:05.2060|INFO|WebSiteMusicBand.MvcApplication|Created Members Controller
2017-04-20 19:22:00.3427|INFO|WebSiteMusicBand.MvcApplication|Create News Controller
2017-04-20 19:22:10.0058|INFO|WebSiteMusicBand.MvcApplication|Created History Controller
2017-04-20 19:22:10.5309|INFO|WebSiteMusicBand.MvcApplication|Created Members Controller
2017-04-20 19:22:24.7882|INFO|WebSiteMusicBand.MvcApplication|Created Members Controller
2017-04-20 19:22:33.1021|INFO|WebSiteMusicBand.MvcApplication|Created Members Controller
2017-04-20 19:22:33.2216|INFO|WebSiteMusicBand.MvcApplication|News 5017 edited
2017-04-20 19:22:33.2706|INFO|WebSiteMusicBand.MvcApplication|Created Members Controller
2017-04-20 19:23:22.6013|INFO|WebSiteMusicBand.MvcApplication|Created Members Controller
2017-04-20 19:23:34.0806|INFO|WebSiteMusicBand.MvcApplication|Created Members Controller
2017-04-20 19:23:35.5941|INFO|WebSiteMusicBand.MvcApplication|Created Members Controller
2017-04-20 19:23:39.2989|INFO|WebSiteMusicBand.MvcApplication|Created Members Controller
2017-04-20 19:23:39.3304|INFO|WebSiteMusicBand.MvcApplication|News 6030 created 
2017-04-20 19:23:39.3874|INFO|WebSiteMusicBand.MvcApplication|Created Members Controller
2017-04-20 19:23:41.8148|INFO|WebSiteMusicBand.MvcApplication|Created Members Controller
2017-04-20 19:25:18.0988|INFO|WebSiteMusicBand.MvcApplication|Created Members Controller
2017-04-20 19:25:19.9048|INFO|WebSiteMusicBand.MvcApplication|Created Members Controller
2017-04-20 19:25:20.0803|INFO|WebSiteMusicBand.MvcApplication|news 6030 deleted
2017-04-20 19:25:20.1766|INFO|WebSiteMusicBand.MvcApplication|Created Members Controller
2017-04-20 19:25:22.4699|INFO|WebSiteMusicBand.MvcApplication|Created History Controller
2017-04-20 19:25:24.9044|INFO|WebSiteMusicBand.MvcApplication|Create News Controller
2017-04-20 19:25:36.1506|INFO|WebSiteMusicBand.MvcApplication|Create Account Controller
2017-04-20 19:25:36.8917|INFO|WebSiteMusicBand.MvcApplication|Create News Controller
2017-04-20 19:25:47.0287|INFO|WebSiteMusicBand.MvcApplication|Create News Controller
2017-04-20 19:25:47.0977|ERROR|WebSiteMusicBand.MvcApplication|WebSiteMusicBand.Model.NewsRepositorydelete comment fail
2017-04-20 19:25:52.8482|INFO|WebSiteMusicBand.MvcApplication|Create Account Controller
2017-04-20 19:25:56.1940|INFO|WebSiteMusicBand.MvcApplication|Create Account Controller
2017-04-20 19:26:17.8295|INFO|WebSiteMusicBand.MvcApplication|Create News Controller
2017-04-20 19:26:17.8676|INFO|WebSiteMusicBand.MvcApplication|Favoite add user 1002, news 3016
2017-04-20 19:26:17.9391|INFO|WebSiteMusicBand.MvcApplication|Create News Controller
2017-04-20 19:26:21.8284|INFO|WebSiteMusicBand.MvcApplication|Create Account Controller
2017-04-20 19:26:24.4933|INFO|WebSiteMusicBand.MvcApplication|Create News Controller
2017-04-20 19:26:24.5443|ERROR|WebSiteMusicBand.MvcApplication|WebSiteMusicBand.Model.NewsRepositorydelete comment fail
2017-04-20 19:59:57.8368|INFO|WebSiteMusicBand.MvcApplication|Create News Controller
2017-04-20 20:00:04.7539|INFO|WebSiteMusicBand.MvcApplication|Create Account Controller
2017-04-20 20:00:09.0303|INFO|WebSiteMusicBand.MvcApplication|Create News Controller
2017-04-20 20:00:09.1688|INFO|WebSiteMusicBand.MvcApplication|Favoite removed from user 1002, news 3016
2017-04-20 20:00:09.4459|INFO|WebSiteMusicBand.MvcApplication|Create News Controller
2017-04-20 20:00:13.4448|INFO|WebSiteMusicBand.MvcApplication|Create Account Controller
2017-04-20 20:00:19.7391|INFO|WebSiteMusicBand.MvcApplication|Create Account Controller
2017-04-20 20:01:45.7845|INFO|WebSiteMusicBand.MvcApplication|Create News Controller
2017-04-20 20:01:51.6763|INFO|WebSiteMusicBand.MvcApplication|Create Manage Controller
2017-04-20 20:02:05.7282|INFO|WebSiteMusicBand.MvcApplication|Create Manage Controller
2017-04-20 20:02:26.9682|INFO|WebSiteMusicBand.MvcApplication|Create Manage Controller
2017-04-20 20:02:46.5188|INFO|WebSiteMusicBand.MvcApplication|Create Manage Controller
2017-04-24 16:43:18.9498|INFO|WebSiteMusicBand.MvcApplication|Create Account Controller
2017-04-24 16:43:19.3824|INFO|WebSiteMusicBand.MvcApplication|Create Account Controller
2017-04-24 17:02:43.7678|INFO|WebSiteMusicBand.MvcApplication|Create News Controller
2017-04-24 20:36:16.3933|INFO|WebSiteMusicBand.MvcApplication|Create News Controller
2017-04-24 20:36:28.7543|INFO|WebSiteMusicBand.MvcApplication|Create Account Controller
2017-04-24 20:36:32.3557|INFO|WebSiteMusicBand.MvcApplication|Create Account Controller
2017-04-24 20:36:35.4801|INFO|WebSiteMusicBand.MvcApplication|Create News Controller
2017-04-24 20:44:10.2855|INFO|WebSiteMusicBand.MvcApplication|Create News Controller
2017-04-24 20:44:18.7773|INFO|WebSiteMusicBand.MvcApplication|Create News Controller
2017-04-24 20:44:33.8348|INFO|WebSiteMusicBand.MvcApplication|Create News Controller
2017-04-25 10:39:06.8485|INFO|WebSiteMusicBand.MvcApplication|Create News Controller
2017-04-25 10:39:22.6675|INFO|WebSiteMusicBand.MvcApplication|Create Account Controller
2017-04-25 10:39:32.7961|INFO|WebSiteMusicBand.MvcApplication|Create Account Controller
2017-04-25 10:39:34.9793|INFO|WebSiteMusicBand.MvcApplication|Create News Controller
2017-04-25 10:39:37.3166|INFO|WebSiteMusicBand.MvcApplication|Create Account Controller
2017-04-25 10:39:40.8635|INFO|WebSiteMusicBand.MvcApplication|Create Account Controller
2017-04-25 10:39:49.0990|INFO|WebSiteMusicBand.MvcApplication|Create Account Controller
2017-04-25 10:39:49.1110|INFO|WebSiteMusicBand.MvcApplication|E:\Projects\GitHub\WebSiteMusicBand_CMS\WebSiteMusicBand\Content\Upload\Profile\dope-pope-zapocalypse-new-render-by-dopepope.jpg
2017-04-25 10:40:22.7294|INFO|WebSiteMusicBand.MvcApplication|Create Account Controller
2017-04-25 10:40:22.7426|INFO|WebSiteMusicBand.MvcApplication|E:\Projects\GitHub\WebSiteMusicBand_CMS\WebSiteMusicBand\Content\Upload\Profile\dope-pope-zapocalypse-new-render-by-dopepope.jpg
2017-04-25 10:41:32.0189|INFO|WebSiteMusicBand.MvcApplication|Create News Controller
2017-04-25 10:42:42.9152|INFO|WebSiteMusicBand.MvcApplication|Create News Controller
2017-04-25 10:42:48.7748|INFO|WebSiteMusicBand.MvcApplication|Create News Controller
2017-04-25 10:42:49.3521|ERROR|WebSiteMusicBand.MvcApplication|WebSiteMusicBand.Model.NewsRepositoryadd comment fail
2017-04-25 11:12:24.8212|INFO|WebSiteMusicBand.MvcApplication|Create News Controller
2017-04-25 11:12:41.0371|INFO|WebSiteMusicBand.MvcApplication|Create Account Controller
2017-04-25 11:12:50.3774|INFO|WebSiteMusicBand.MvcApplication|Create Account Controller
2017-04-25 11:12:52.4062|INFO|WebSiteMusicBand.MvcApplication|Create News Controller
2017-04-25 11:12:54.4938|INFO|WebSiteMusicBand.MvcApplication|Create News Controller
2017-04-25 11:12:59.6076|INFO|WebSiteMusicBand.MvcApplication|Create News Controller
2017-04-25 11:13:00.0447|ERROR|WebSiteMusicBand.MvcApplication|WebSiteMusicBand.Model.NewsRepositoryadd comment fail
2017-04-25 11:16:34.4765|INFO|WebSiteMusicBand.MvcApplication|Create News Controller
2017-04-25 11:18:24.8527|INFO|WebSiteMusicBand.MvcApplication|Create News Controller
2017-04-25 11:18:30.5178|INFO|WebSiteMusicBand.MvcApplication|Create News Controller
2017-04-25 11:18:40.4215|ERROR|WebSiteMusicBand.MvcApplication|WebSiteMusicBand.Model.NewsRepositoryadd comment fail/ Ex: System.Data.Entity.Infrastructure.DbUpdateException: An error occurred while updating the entries. See the inner exception for details. ---> System.Data.Entity.Core.UpdateException: An error occurred while updating the entries. See the inner exception for details. ---> System.Data.SqlClient.SqlException: Cannot insert the value NULL into column 'Id', table 'MusicBandDB.dbo.NewsComments'; column does not allow nulls. INSERT fails.
The statement has been terminated.
   â System.Data.SqlClient.SqlConnection.OnError(SqlException exception, Boolean breakConnection, Action`1 wrapCloseInAction)
   â System.Data.SqlClient.SqlInternalConnection.OnError(SqlException exception, Boolean breakConnection, Action`1 wrapCloseInAction)
   â System.Data.SqlClient.TdsParser.ThrowExceptionAndWarning(TdsParserStateObject stateObj, Boolean callerHasConnectionLock, Boolean asyncClose)
   â System.Data.SqlClient.TdsParser.TryRun(RunBehavior runBehavior, SqlCommand cmdHandler, SqlDataReader dataStream, BulkCopySimpleResultSet bulkCopyHandler, TdsParserStateObject stateObj, Boolean& dataReady)
   â System.Data.SqlClient.SqlDataReader.TryConsumeMetaData()
   â System.Data.SqlClient.SqlDataReader.get_MetaData()
   â System.Data.SqlClient.SqlCommand.FinishExecuteReader(SqlDataReader ds, RunBehavior runBehavior, String resetOptionsString, Boolean isInternal, Boolean forDescribeParameterEncryption)
   â System.Data.SqlClient.SqlCommand.RunExecuteReaderTds(CommandBehavior cmdBehavior, RunBehavior runBehavior, Boolean returnStream, Boolean async, Int32 timeout, Task& task, Boolean asyncWrite, Boolean inRetry, SqlDataReader ds, Boolean describeParameterEncryptionRequest)
   â System.Data.SqlClient.SqlCommand.RunExecuteReader(CommandBehavior cmdBehavior, RunBehavior runBehavior, Boolean returnStream, String method, TaskCompletionSource`1 completion, Int32 timeout, Task& task, Boolean& usedCache, Boolean asyncWrite, Boolean inRetry)
   â System.Data.SqlClient.SqlCommand.RunExecuteReader(CommandBehavior cmdBehavior, RunBehavior runBehavior, Boolean returnStream, String method)
   â System.Data.SqlClient.SqlCommand.ExecuteReader(CommandBehavior behavior, String method)
   â System.Data.SqlClient.SqlCommand.ExecuteDbDataReader(CommandBehavior behavior)
   â System.Data.Common.DbCommand.ExecuteReader(CommandBehavior behavior)
   â System.Data.Entity.Infrastructure.Interception.DbCommandDispatcher.<Reader>b__c(DbCommand t, DbCommandInterceptionContext`1 c)
   â System.Data.Entity.Infrastructure.Interception.InternalDispatcher`1.Dispatch[TTarget,TInterceptionContext,TResult](TTarget target, Func`3 operation, TInterceptionContext interceptionContext, Action`3 executing, Action`3 executed)
   â System.Data.Entity.Infrastructure.Interception.DbCommandDispatcher.Reader(DbCommand command, DbCommandInterceptionContext interceptionContext)
   â System.Data.Entity.Internal.InterceptableDbCommand.ExecuteDbDataReader(CommandBehavior behavior)
   â System.Data.Common.DbCommand.ExecuteReader(CommandBehavior behavior)
   â System.Data.Entity.Core.Mapping.Update.Internal.DynamicUpdateCommand.Execute(Dictionary`2 identifierValues, List`1 generatedValues)
   â System.Data.Entity.Core.Mapping.Update.Internal.UpdateTranslator.Update()
   --- Êîíåö òðàññèðîâêè âíóòðåííåãî ñòåêà èñêëþ÷åíèé ---
   â System.Data.Entity.Core.Mapping.Update.Internal.UpdateTranslator.Update()
   â System.Data.Entity.Core.EntityClient.Internal.EntityAdapter.<Update>b__2(UpdateTranslator ut)
   â System.Data.Entity.Core.EntityClient.Internal.EntityAdapter.Update[T](T noChangesResult, Func`2 updateFunction)
   â System.Data.Entity.Core.EntityClient.Internal.EntityAdapter.Update()
   â System.Data.Entity.Core.Objects.ObjectContext.<SaveChangesToStore>b__35()
   â System.Data.Entity.Core.Objects.ObjectContext.ExecuteInTransaction[T](Func`1 func, IDbExecutionStrategy executionStrategy, Boolean startLocalTransaction, Boolean releaseConnectionOnSuccess)
   â System.Data.Entity.Core.Objects.ObjectContext.SaveChangesToStore(SaveOptions options, IDbExecutionStrategy executionStrategy, Boolean startLocalTransaction)
   â System.Data.Entity.Core.Objects.ObjectContext.<>c__DisplayClass2a.<SaveChangesInternal>b__27()
   â System.Data.Entity.SqlServer.DefaultSqlExecutionStrategy.Execute[TResult](Func`1 operation)
   â System.Data.Entity.Core.Objects.ObjectContext.SaveChangesInternal(SaveOptions options, Boolean executeInExistingTransaction)
   â System.Data.Entity.Core.Objects.ObjectContext.SaveChanges(SaveOptions options)
   â System.Data.Entity.Internal.InternalContext.SaveChanges()
   --- Êîíåö òðàññèðîâêè âíóòðåííåãî ñòåêà èñêëþ÷åíèé ---
   â System.Data.Entity.Internal.InternalContext.SaveChanges()
   â System.Data.Entity.Internal.LazyInternalContext.SaveChanges()
   â System.Data.Entity.DbContext.SaveChanges()
   â WebSiteMusicBand.Model.NewsRepository.AddComment(NewsComments comment) â E:\Projects\GitHub\WebSiteMusicBand_CMS\WebSiteMusicBand\Model\NewsRepository.cs:ñòðîêà 113
2017-04-25 16:13:40.8532|INFO|WebSiteMusicBand.MvcApplication|Create News Controller
2017-04-25 16:14:35.4765|INFO|WebSiteMusicBand.MvcApplication|Create News Controller
2017-04-25 16:15:48.2357|INFO|WebSiteMusicBand.MvcApplication|Create News Controller
2017-04-25 16:16:48.7362|INFO|WebSiteMusicBand.MvcApplication|Create News Controller
2017-04-25 16:17:01.5367|INFO|WebSiteMusicBand.MvcApplication|Create News Controller
2017-04-25 16:17:10.8182|INFO|WebSiteMusicBand.MvcApplication|Create News Controller
2017-04-25 16:17:12.9380|INFO|WebSiteMusicBand.MvcApplication|Create News Controller
2017-04-25 16:17:15.6026|INFO|WebSiteMusicBand.MvcApplication|Create News Controller
2017-04-25 16:17:17.6194|INFO|WebSiteMusicBand.MvcApplication|Create News Controller
2017-04-25 16:17:19.5267|INFO|WebSiteMusicBand.MvcApplication|Create News Controller
2017-04-25 16:17:21.2931|INFO|WebSiteMusicBand.MvcApplication|Create News Controller
2017-04-25 16:17:51.2747|INFO|WebSiteMusicBand.MvcApplication|Create News Controller
2017-04-25 16:18:08.6227|INFO|WebSiteMusicBand.MvcApplication|Create News Controller
2017-04-25 16:19:49.7950|INFO|WebSiteMusicBand.MvcApplication|Create News Controller
2017-04-25 16:20:20.1875|INFO|WebSiteMusicBand.MvcApplication|Create News Controller
2017-04-25 16:20:30.0387|INFO|WebSiteMusicBand.MvcApplication|Create Account Controller
2017-04-25 16:20:39.6653|INFO|WebSiteMusicBand.MvcApplication|Create Account Controller
2017-04-25 16:20:40.2204|INFO|WebSiteMusicBand.MvcApplication|Create News Controller
2017-04-25 16:20:42.1753|INFO|WebSiteMusicBand.MvcApplication|Create News Controller
2017-04-25 16:20:47.8101|INFO|WebSiteMusicBand.MvcApplication|Create News Controller
2017-04-25 16:20:52.9509|INFO|WebSiteMusicBand.MvcApplication|Create News Controller
2017-04-25 16:20:53.1272|INFO|WebSiteMusicBand.MvcApplication|Comment 12 posted to news 6
2017-04-25 16:20:53.2339|INFO|WebSiteMusicBand.MvcApplication|Create News Controller
2017-04-25 16:21:02.2391|INFO|WebSiteMusicBand.MvcApplication|Create News Controller
2017-04-25 16:21:04.8733|INFO|WebSiteMusicBand.MvcApplication|Create News Controller
2017-04-25 16:21:05.0563|INFO|WebSiteMusicBand.MvcApplication|Comment 12 deleted
2017-04-25 16:21:05.1728|INFO|WebSiteMusicBand.MvcApplication|Create News Controller
2017-04-25 16:21:16.9123|INFO|WebSiteMusicBand.MvcApplication|Create News Controller
2017-04-25 16:21:17.0488|INFO|WebSiteMusicBand.MvcApplication|Comment 13 posted to news 6
2017-04-25 16:21:17.1518|INFO|WebSiteMusicBand.MvcApplication|Create News Controller
2017-04-25 16:21:25.4842|INFO|WebSiteMusicBand.MvcApplication|Create News Controller
2017-04-25 16:21:25.6153|INFO|WebSiteMusicBand.MvcApplication|Favoite add to user 4, news 6
2017-04-25 16:21:25.7063|INFO|WebSiteMusicBand.MvcApplication|Create News Controller
2017-04-25 16:21:28.0161|INFO|WebSiteMusicBand.MvcApplication|Create Account Controller
2017-04-25 16:22:09.7212|INFO|WebSiteMusicBand.MvcApplication|Create Account Controller
2017-04-25 16:22:11.8903|INFO|WebSiteMusicBand.MvcApplication|Create News Controller
2017-04-25 16:22:20.3466|INFO|WebSiteMusicBand.MvcApplication|Create News Controller
2017-04-25 16:22:44.8498|INFO|WebSiteMusicBand.MvcApplication|Create Account Controller
2017-04-25 16:22:46.8540|INFO|WebSiteMusicBand.MvcApplication|Create Account Controller
2017-04-25 16:22:57.7282|INFO|WebSiteMusicBand.MvcApplication|Create Account Controller
2017-04-25 16:22:57.8752|INFO|WebSiteMusicBand.MvcApplication|Custom user 4 edited
2017-04-25 16:23:01.9586|INFO|WebSiteMusicBand.MvcApplication|Create Account Controller
2017-04-25 16:23:02.0806|INFO|WebSiteMusicBand.MvcApplication|Custom user 4 edited
2017-04-25 16:23:05.2489|INFO|WebSiteMusicBand.MvcApplication|Create Account Controller
2017-04-25 16:23:08.9484|INFO|WebSiteMusicBand.MvcApplication|Create Account Controller
2017-04-25 16:23:21.9458|INFO|WebSiteMusicBand.MvcApplication|Create Account Controller
2017-04-25 16:23:22.0734|INFO|WebSiteMusicBand.MvcApplication|Custom user 4 edited
2017-04-25 16:23:25.4415|INFO|WebSiteMusicBand.MvcApplication|Create Account Controller
2017-04-25 16:23:27.4649|INFO|WebSiteMusicBand.MvcApplication|Create Account Controller
2017-04-25 16:24:01.7066|INFO|WebSiteMusicBand.MvcApplication|Create Account Controller
2017-04-25 16:24:01.7216|INFO|WebSiteMusicBand.MvcApplication|E:\Projects\GitHub\WebSiteMusicBand_CMS\WebSiteMusicBand\Content\Upload\Profile\dope-pope-zapocalypse-new-render-by-dopepope.jpg
2017-04-25 16:24:02.0181|ERROR|WebSiteMusicBand.MvcApplication|Error while custom user 4 avatar editing/ Ex: System.InvalidOperationException: Attaching an entity of type 'WebSiteMusicBand.Model.CustomUsers' failed because another entity of the same type already has the same primary key value. This can happen when using the 'Attach' method or setting the state of an entity to 'Unchanged' or 'Modified' if any entities in the graph have conflicting key values. This may be because some entities are new and have not yet received database-generated key values. In this case use the 'Add' method or the 'Added' entity state to track the graph and then set the state of non-new entities to 'Unchanged' or 'Modified' as appropriate.
   â System.Data.Entity.Core.Objects.ObjectContext.VerifyRootForAdd(Boolean doAttach, String entitySetName, IEntityWrapper wrappedEntity, EntityEntry existingEntry, EntitySet& entitySet, Boolean& isNoOperation)
   â System.Data.Entity.Core.Objects.ObjectContext.AttachTo(String entitySetName, Object entity)
   â System.Data.Entity.Internal.Linq.InternalSet`1.<>c__DisplayClassa.<Attach>b__9()
   â System.Data.Entity.Internal.Linq.InternalSet`1.ActOnSet(Action action, EntityState newState, Object entity, String methodName)
   â System.Data.Entity.Internal.Linq.InternalSet`1.Attach(Object entity)
   â System.Data.Entity.Internal.InternalEntityEntry.set_State(EntityState value)
   â WebSiteMusicBand.Model.UserRepository.UpdateAvatar(String path) â E:\Projects\GitHub\WebSiteMusicBand_CMS\WebSiteMusicBand\Model\UserRepository.cs:ñòðîêà 59
2017-04-25 16:24:10.8994|INFO|WebSiteMusicBand.MvcApplication|Create Account Controller
2017-04-25 16:24:29.3490|INFO|WebSiteMusicBand.MvcApplication|Create Account Controller
2017-04-25 16:24:44.8116|INFO|WebSiteMusicBand.MvcApplication|Create Account Controller
2017-04-25 16:24:44.8268|INFO|WebSiteMusicBand.MvcApplication|E:\Projects\GitHub\WebSiteMusicBand_CMS\WebSiteMusicBand\Content\Upload\Profile\dope-pope-zapocalypse-new-render-by-dopepope.jpg
2017-04-25 16:27:29.2860|INFO|WebSiteMusicBand.MvcApplication|Create Account Controller
2017-04-25 16:27:29.3160|ERROR|WebSiteMusicBand.MvcApplication|Error while custom user 4 avatar editing/ Ex: System.InvalidOperationException: Attaching an entity of type 'WebSiteMusicBand.Model.CustomUsers' failed because another entity of the same type already has the same primary key value. This can happen when using the 'Attach' method or setting the state of an entity to 'Unchanged' or 'Modified' if any entities in the graph have conflicting key values. This may be because some entities are new and have not yet received database-generated key values. In this case use the 'Add' method or the 'Added' entity state to track the graph and then set the state of non-new entities to 'Unchanged' or 'Modified' as appropriate.
   â System.Data.Entity.Core.Objects.ObjectContext.VerifyRootForAdd(Boolean doAttach, String entitySetName, IEntityWrapper wrappedEntity, EntityEntry existingEntry, EntitySet& entitySet, Boolean& isNoOperation)
   â System.Data.Entity.Core.Objects.ObjectContext.AttachTo(String entitySetName, Object entity)
   â System.Data.Entity.Internal.Linq.InternalSet`1.<>c__DisplayClassa.<Attach>b__9()
   â System.Data.Entity.Internal.Linq.InternalSet`1.ActOnSet(Action action, EntityState newState, Object entity, String methodName)
   â System.Data.Entity.Internal.Linq.InternalSet`1.Attach(Object entity)
   â System.Data.Entity.Internal.InternalEntityEntry.set_State(EntityState value)
   â WebSiteMusicBand.Model.UserRepository.UpdateAvatar(String path) â E:\Projects\GitHub\WebSiteMusicBand_CMS\WebSiteMusicBand\Model\UserRepository.cs:ñòðîêà 59
2017-04-25 16:27:29.4110|INFO|WebSiteMusicBand.MvcApplication|Create News Controller
2017-04-25 16:27:33.7454|INFO|WebSiteMusicBand.MvcApplication|Create News Controller
2017-04-25 16:27:38.3863|INFO|WebSiteMusicBand.MvcApplication|Create Account Controller
2017-04-25 16:27:43.2835|INFO|WebSiteMusicBand.MvcApplication|Create Account Controller
2017-04-25 16:27:43.5956|INFO|WebSiteMusicBand.MvcApplication|Create News Controller
2017-04-25 16:27:47.8524|INFO|WebSiteMusicBand.MvcApplication|Create News Controller
2017-04-25 16:27:52.2620|INFO|WebSiteMusicBand.MvcApplication|Create News Controller
2017-04-25 16:27:57.1475|INFO|WebSiteMusicBand.MvcApplication|Create News Controller
2017-04-25 16:28:00.7005|INFO|WebSiteMusicBand.MvcApplication|Create News Controller
2017-04-25 16:30:11.0669|INFO|WebSiteMusicBand.MvcApplication|Create Account Controller
2017-04-25 16:30:15.1338|INFO|WebSiteMusicBand.MvcApplication|Create News Controller
2017-04-25 16:30:21.8337|INFO|WebSiteMusicBand.MvcApplication|Create News Controller
2017-04-25 16:30:27.0715|INFO|WebSiteMusicBand.MvcApplication|Create News Controller
2017-04-25 17:18:40.7845|INFO|WebSiteMusicBand.MvcApplication|Create News Controller
2017-04-25 17:19:28.9160|INFO|WebSiteMusicBand.MvcApplication|Create News Controller
2017-04-25 17:19:38.3476|INFO|WebSiteMusicBand.MvcApplication|Create News Controller
2017-04-25 17:19:38.5836|INFO|WebSiteMusicBand.MvcApplication|Comment 14 posted to news 7
2017-04-25 17:19:38.7096|INFO|WebSiteMusicBand.MvcApplication|Create News Controller
2017-04-25 17:19:43.7984|INFO|WebSiteMusicBand.MvcApplication|Create News Controller
2017-04-25 17:19:47.6652|INFO|WebSiteMusicBand.MvcApplication|Create News Controller
2017-04-25 17:19:47.8102|INFO|WebSiteMusicBand.MvcApplication|Comment 14 edited
2017-04-25 17:19:47.8947|INFO|WebSiteMusicBand.MvcApplication|Create News Controller
2017-04-25 17:19:57.4108|INFO|WebSiteMusicBand.MvcApplication|Create News Controller
2017-04-25 17:20:00.0992|INFO|WebSiteMusicBand.MvcApplication|Create News Controller
2017-04-25 17:20:00.3072|INFO|WebSiteMusicBand.MvcApplication|Comment 14 deleted
2017-04-25 17:20:00.4062|INFO|WebSiteMusicBand.MvcApplication|Create News Controller
2017-04-25 17:20:07.0747|INFO|WebSiteMusicBand.MvcApplication|Create Account Controller
2017-04-25 17:20:15.8218|INFO|WebSiteMusicBand.MvcApplication|Create News Controller
2017-04-25 17:20:18.8762|INFO|WebSiteMusicBand.MvcApplication|Create News Controller
2017-04-25 17:20:19.0793|INFO|WebSiteMusicBand.MvcApplication|Favoite removed from user 5, news 5
2017-04-25 17:20:19.1753|INFO|WebSiteMusicBand.MvcApplication|Create News Controller
2017-04-25 17:20:25.2999|INFO|WebSiteMusicBand.MvcApplication|Create News Controller
2017-04-25 17:20:33.0180|INFO|WebSiteMusicBand.MvcApplication|Create Account Controller
2017-04-25 17:20:37.7366|INFO|WebSiteMusicBand.MvcApplication|Create News Controller
2017-04-25 17:20:37.8721|INFO|WebSiteMusicBand.MvcApplication|Favoite add to user 5, news 5
2017-04-25 17:20:37.9696|INFO|WebSiteMusicBand.MvcApplication|Create News Controller
2017-04-25 17:20:40.3329|INFO|WebSiteMusicBand.MvcApplication|Create Account Controller
2017-04-25 17:20:46.7843|INFO|WebSiteMusicBand.MvcApplication|Create Account Controller
2017-04-25 17:20:59.7370|INFO|WebSiteMusicBand.MvcApplication|Create Account Controller
2017-04-25 17:20:59.7540|INFO|WebSiteMusicBand.MvcApplication|E:\Projects\GitHub\WebSiteMusicBand_CMS\WebSiteMusicBand\Content\Upload\Profile\dope-pope-zapocalypse-new-render-by-dopepope.jpg
2017-04-25 17:21:00.1346|ERROR|WebSiteMusicBand.MvcApplication|Error while custom user 5 avatar editing/ Ex: System.InvalidOperationException: Attaching an entity of type 'WebSiteMusicBand.Model.CustomUsers' failed because another entity of the same type already has the same primary key value. This can happen when using the 'Attach' method or setting the state of an entity to 'Unchanged' or 'Modified' if any entities in the graph have conflicting key values. This may be because some entities are new and have not yet received database-generated key values. In this case use the 'Add' method or the 'Added' entity state to track the graph and then set the state of non-new entities to 'Unchanged' or 'Modified' as appropriate.
   â System.Data.Entity.Core.Objects.ObjectContext.VerifyRootForAdd(Boolean doAttach, String entitySetName, IEntityWrapper wrappedEntity, EntityEntry existingEntry, EntitySet& entitySet, Boolean& isNoOperation)
   â System.Data.Entity.Core.Objects.ObjectContext.AttachTo(String entitySetName, Object entity)
   â System.Data.Entity.Internal.Linq.InternalSet`1.<>c__DisplayClassa.<Attach>b__9()
   â System.Data.Entity.Internal.Linq.InternalSet`1.ActOnSet(Action action, EntityState newState, Object entity, String methodName)
   â System.Data.Entity.Internal.Linq.InternalSet`1.Attach(Object entity)
   â System.Data.Entity.Internal.InternalEntityEntry.set_State(EntityState value)
   â WebSiteMusicBand.Model.UserRepository.UpdateAvatar(String path) â E:\Projects\GitHub\WebSiteMusicBand_CMS\WebSiteMusicBand\Model\UserRepository.cs:ñòðîêà 59
2017-04-25 17:21:16.9366|INFO|WebSiteMusicBand.MvcApplication|Create Account Controller
2017-04-25 17:21:16.9511|INFO|WebSiteMusicBand.MvcApplication|E:\Projects\GitHub\WebSiteMusicBand_CMS\WebSiteMusicBand\Content\Upload\Profile\dope-pope-zapocalypse-new-render-by-dopepope.jpg
2017-04-25 17:22:01.0878|ERROR|WebSiteMusicBand.MvcApplication|Error while custom user 5 avatar editing/ Ex: System.InvalidOperationException: The context cannot be used while the model is being created. This exception may be thrown if the context is used inside the OnModelCreating method or if the same context instance is accessed by multiple threads concurrently. Note that instance members of DbContext and related classes are not guaranteed to be thread safe.
   â System.Data.Entity.Internal.LazyInternalContext.InitializeContext()
   â System.Data.Entity.Internal.InternalContext.GetEntitySetAndBaseTypeForType(Type entityType)
   â System.Data.Entity.Internal.Linq.InternalSet`1.Initialize()
   â System.Data.Entity.Internal.Linq.InternalSet`1.get_InternalContext()
   â System.Data.Entity.Internal.Linq.InternalSet`1.Find(Object[] keyValues)
   â System.Data.Entity.DbSet`1.Find(Object[] keyValues)
   â WebSiteMusicBand.Model.UserRepository.UpdateAvatar(String path) â E:\Projects\GitHub\WebSiteMusicBand_CMS\WebSiteMusicBand\Model\UserRepository.cs:ñòðîêà 58
2017-04-25 17:22:05.5912|INFO|WebSiteMusicBand.MvcApplication|Create Account Controller
2017-04-25 17:22:13.2085|INFO|WebSiteMusicBand.MvcApplication|Create Account Controller
2017-04-25 17:22:22.8553|INFO|WebSiteMusicBand.MvcApplication|Create Account Controller
2017-04-25 17:22:28.9120|INFO|WebSiteMusicBand.MvcApplication|Create News Controller
2017-04-25 17:22:31.1453|INFO|WebSiteMusicBand.MvcApplication|Create News Controller
2017-04-25 17:22:38.1981|INFO|WebSiteMusicBand.MvcApplication|Create News Controller
2017-04-25 17:22:38.3341|INFO|WebSiteMusicBand.MvcApplication|News 22 created 
2017-04-25 17:22:38.4292|INFO|WebSiteMusicBand.MvcApplication|Create News Controller
2017-04-25 17:22:42.4432|INFO|WebSiteMusicBand.MvcApplication|Create News Controller
2017-04-25 17:22:45.8051|INFO|WebSiteMusicBand.MvcApplication|Create News Controller
2017-04-25 17:22:50.1789|INFO|WebSiteMusicBand.MvcApplication|Create News Controller
2017-04-25 17:23:33.3584|INFO|WebSiteMusicBand.MvcApplication|Create News Controller
2017-04-25 17:23:36.3448|INFO|WebSiteMusicBand.MvcApplication|Create News Controller
2017-04-25 17:23:55.6820|INFO|WebSiteMusicBand.MvcApplication|Create News Controller
2017-04-25 17:30:12.2833|INFO|WebSiteMusicBand.MvcApplication|Create News Controller
2017-04-25 17:30:48.5748|INFO|WebSiteMusicBand.MvcApplication|Create News Controller
2017-04-25 17:30:53.3561|INFO|WebSiteMusicBand.MvcApplication|Create News Controller
2017-04-25 17:30:53.5530|INFO|WebSiteMusicBand.MvcApplication|News 22 edited
2017-04-25 17:30:53.6475|INFO|WebSiteMusicBand.MvcApplication|Create News Controller
2017-04-25 17:30:58.6691|INFO|WebSiteMusicBand.MvcApplication|Create News Controller
2017-04-25 17:31:00.9791|INFO|WebSiteMusicBand.MvcApplication|Create News Controller
2017-04-25 17:31:13.8474|INFO|WebSiteMusicBand.MvcApplication|Create News Controller
2017-04-25 17:31:18.5292|INFO|WebSiteMusicBand.MvcApplication|Create News Controller
2017-04-25 17:31:21.0275|INFO|WebSiteMusicBand.MvcApplication|Create News Controller
2017-04-25 17:33:21.7685|INFO|WebSiteMusicBand.MvcApplication|Create News Controller
2017-04-25 17:33:32.4167|INFO|WebSiteMusicBand.MvcApplication|Create News Controller
2017-04-25 17:33:35.0145|INFO|WebSiteMusicBand.MvcApplication|Create News Controller
2017-04-25 17:33:35.3971|INFO|WebSiteMusicBand.MvcApplication|news 22 deleted
2017-04-25 17:33:35.4861|INFO|WebSiteMusicBand.MvcApplication|Create News Controller
2017-04-25 17:33:48.3219|INFO|WebSiteMusicBand.MvcApplication|Create News Controller
2017-04-25 17:34:03.0982|INFO|WebSiteMusicBand.MvcApplication|Create Account Controller
2017-04-25 17:34:06.4873|INFO|WebSiteMusicBand.MvcApplication|Create Account Controller
2017-04-25 17:36:22.8201|INFO|WebSiteMusicBand.MvcApplication|Create Account Controller
2017-04-25 17:36:30.3951|INFO|WebSiteMusicBand.MvcApplication|Create Account Controller
2017-04-25 17:36:30.4111|INFO|WebSiteMusicBand.MvcApplication|E:\Projects\GitHub\WebSiteMusicBand_CMS\WebSiteMusicBand\Content\Upload\Profile\dope-pope-zapocalypse-new-render-by-dopepope.jpg
2017-04-25 17:40:27.4456|INFO|WebSiteMusicBand.MvcApplication|Create News Controller
2017-04-25 17:45:17.5520|INFO|WebSiteMusicBand.MvcApplication|Create Account Controller
2017-04-25 17:45:26.8574|INFO|WebSiteMusicBand.MvcApplication|Create Account Controller
2017-04-25 17:45:32.5451|INFO|WebSiteMusicBand.MvcApplication|Create Account Controller
2017-04-25 17:45:32.5611|INFO|WebSiteMusicBand.MvcApplication|E:\Projects\GitHub\WebSiteMusicBand_CMS\WebSiteMusicBand\Content\Upload\Profile\dope-pope-zapocalypse-new-render-by-dopepope.jpg
2017-04-25 17:45:49.9324|ERROR|WebSiteMusicBand.MvcApplication|Error while custom user 5 avatar editing/ Ex: System.InvalidOperationException: An entity object cannot be referenced by multiple instances of IEntityChangeTracker.
   â System.Data.Entity.Core.Objects.ObjectContext.VerifyContextForAddOrAttach(IEntityWrapper wrappedEntity)
   â System.Data.Entity.Core.Objects.ObjectContext.AttachSingleObject(IEntityWrapper wrappedEntity, EntitySet entitySet)
   â System.Data.Entity.Core.Objects.ObjectContext.AttachTo(String entitySetName, Object entity)
   â System.Data.Entity.Internal.Linq.InternalSet`1.<>c__DisplayClassa.<Attach>b__9()
   â System.Data.Entity.Internal.Linq.InternalSet`1.ActOnSet(Action action, EntityState newState, Object entity, String methodName)
   â System.Data.Entity.Internal.Linq.InternalSet`1.Attach(Object entity)
   â System.Data.Entity.Internal.InternalEntityEntry.set_State(EntityState value)
   â WebSiteMusicBand.Model.UserRepository.UpdateAvatar(String path) â E:\Projects\GitHub\WebSiteMusicBand_CMS\WebSiteMusicBand\Model\UserRepository.cs:ñòðîêà 60
2017-04-25 17:46:02.0015|INFO|WebSiteMusicBand.MvcApplication|Create Account Controller
2017-04-25 17:46:02.0195|INFO|WebSiteMusicBand.MvcApplication|E:\Projects\GitHub\WebSiteMusicBand_CMS\WebSiteMusicBand\Content\Upload\Profile\dope-pope-zapocalypse-new-render-by-dopepope.jpg
2017-04-25 17:53:12.6510|INFO|WebSiteMusicBand.MvcApplication|Create News Controller
2017-04-25 17:56:25.5984|INFO|WebSiteMusicBand.MvcApplication|Create Account Controller
2017-04-25 17:56:34.4214|INFO|WebSiteMusicBand.MvcApplication|Create Account Controller
2017-04-25 17:56:37.5858|INFO|WebSiteMusicBand.MvcApplication|Create Account Controller
2017-04-25 17:56:37.6230|INFO|WebSiteMusicBand.MvcApplication|Create Account Controller
2017-04-25 17:57:24.4767|INFO|WebSiteMusicBand.MvcApplication|Create Account Controller
2017-04-25 18:07:11.6587|INFO|WebSiteMusicBand.MvcApplication|Create News Controller
2017-04-25 18:09:05.8277|INFO|WebSiteMusicBand.MvcApplication|Create Account Controller
2017-04-25 18:09:15.7451|INFO|WebSiteMusicBand.MvcApplication|Create Account Controller
2017-04-25 18:15:32.0878|INFO|WebSiteMusicBand.MvcApplication|Create Account Controller
2017-04-25 18:15:50.2465|INFO|WebSiteMusicBand.MvcApplication|Custom user 5 edited
2017-04-25 18:21:27.2919|INFO|WebSiteMusicBand.MvcApplication|Create News Controller
2017-04-25 18:21:45.4941|INFO|WebSiteMusicBand.MvcApplication|Create Account Controller
2017-04-25 18:22:09.2123|INFO|WebSiteMusicBand.MvcApplication|Create Account Controller
2017-04-25 18:22:17.7110|INFO|WebSiteMusicBand.MvcApplication|Create Account Controller
2017-04-25 18:22:17.8820|ERROR|WebSiteMusicBand.MvcApplication|Error while custom user 5 avatar editing/ Ex: System.NotSupportedException: LINQ to Entities does not recognize the method 'Int32 GetCurrentUserId()' method, and this method cannot be translated into a store expression.
   â System.Data.Entity.Core.Objects.ELinq.ExpressionConverter.MethodCallTranslator.DefaultTranslator.Translate(ExpressionConverter parent, MethodCallExpression call)
   â System.Data.Entity.Core.Objects.ELinq.ExpressionConverter.MethodCallTranslator.TypedTranslate(ExpressionConverter parent, MethodCallExpression linq)
   â System.Data.Entity.Core.Objects.ELinq.ExpressionConverter.TypedTranslator`1.Translate(ExpressionConverter parent, Expression linq)
   â System.Data.Entity.Core.Objects.ELinq.ExpressionConverter.TranslateExpression(Expression linq)
   â System.Data.Entity.Core.Objects.ELinq.ExpressionConverter.EqualsTranslator.TypedTranslate(ExpressionConverter parent, BinaryExpression linq)
   â System.Data.Entity.Core.Objects.ELinq.ExpressionConverter.TypedTranslator`1.Translate(ExpressionConverter parent, Expression linq)
   â System.Data.Entity.Core.Objects.ELinq.ExpressionConverter.TranslateExpression(Expression linq)
   â System.Data.Entity.Core.Objects.ELinq.ExpressionConverter.TranslateLambda(LambdaExpression lambda, DbExpression input)
   â System.Data.Entity.Core.Objects.ELinq.ExpressionConverter.TranslateLambda(LambdaExpression lambda, DbExpression input, DbExpressionBinding& binding)
   â System.Data.Entity.Core.Objects.ELinq.ExpressionConverter.MethodCallTranslator.OneLambdaTranslator.Translate(ExpressionConverter parent, MethodCallExpression call, DbExpression& source, DbExpressionBinding& sourceBinding, DbExpression& lambda)
   â System.Data.Entity.Core.Objects.ELinq.ExpressionConverter.MethodCallTranslator.OneLambdaTranslator.Translate(ExpressionConverter parent, MethodCallExpression call)
   â System.Data.Entity.Core.Objects.ELinq.ExpressionConverter.MethodCallTranslator.SequenceMethodTranslator.Translate(ExpressionConverter parent, MethodCallExpression call, SequenceMethod sequenceMethod)
   â System.Data.Entity.Core.Objects.ELinq.ExpressionConverter.MethodCallTranslator.TypedTranslate(ExpressionConverter parent, MethodCallExpression linq)
   â System.Data.Entity.Core.Objects.ELinq.ExpressionConverter.TypedTranslator`1.Translate(ExpressionConverter parent, Expression linq)
   â System.Data.Entity.Core.Objects.ELinq.ExpressionConverter.TranslateExpression(Expression linq)
   â System.Data.Entity.Core.Objects.ELinq.ExpressionConverter.MethodCallTranslator.UnarySequenceMethodTranslator.Translate(ExpressionConverter parent, MethodCallExpression call)
   â System.Data.Entity.Core.Objects.ELinq.ExpressionConverter.MethodCallTranslator.SequenceMethodTranslator.Translate(ExpressionConverter parent, MethodCallExpression call, SequenceMethod sequenceMethod)
   â System.Data.Entity.Core.Objects.ELinq.ExpressionConverter.MethodCallTranslator.TypedTranslate(ExpressionConverter parent, MethodCallExpression linq)
   â System.Data.Entity.Core.Objects.ELinq.ExpressionConverter.TypedTranslator`1.Translate(ExpressionConverter parent, Expression linq)
   â System.Data.Entity.Core.Objects.ELinq.ExpressionConverter.TranslateExpression(Expression linq)
   â System.Data.Entity.Core.Objects.ELinq.ExpressionConverter.Convert()
   â System.Data.Entity.Core.Objects.ELinq.ELinqQueryState.GetExecutionPlan(Nullable`1 forMergeOption)
   â System.Data.Entity.Core.Objects.ObjectQuery`1.<>c__DisplayClass7.<GetResults>b__6()
   â System.Data.Entity.Core.Objects.ObjectContext.ExecuteInTransaction[T](Func`1 func, IDbExecutionStrategy executionStrategy, Boolean startLocalTransaction, Boolean releaseConnectionOnSuccess)
   â System.Data.Entity.Core.Objects.ObjectQuery`1.<>c__DisplayClass7.<GetResults>b__5()
   â System.Data.Entity.SqlServer.DefaultSqlExecutionStrategy.Execute[TResult](Func`1 operation)
   â System.Data.Entity.Core.Objects.ObjectQuery`1.GetResults(Nullable`1 forMergeOption)
   â System.Data.Entity.Core.Objects.ObjectQuery`1.<System.Collections.Generic.IEnumerable<T>.GetEnumerator>b__0()
   â System.Data.Entity.Internal.LazyEnumerator`1.MoveNext()
   â System.Linq.Enumerable.FirstOrDefault[TSource](IEnumerable`1 source)
   â System.Data.Entity.Core.Objects.ELinq.ObjectQueryProvider.<GetElementFunction>b__1[TResult](IEnumerable`1 sequence)
   â System.Data.Entity.Core.Objects.ELinq.ObjectQueryProvider.ExecuteSingle[TResult](IEnumerable`1 query, Expression queryRoot)
   â System.Data.Entity.Core.Objects.ELinq.ObjectQueryProvider.System.Linq.IQueryProvider.Execute[TResult](Expression expression)
   â System.Data.Entity.Internal.Linq.DbQueryProvider.Execute[TResult](Expression expression)
   â System.Linq.Queryable.FirstOrDefault[TSource](IQueryable`1 source)
   â WebSiteMusicBand.Model.UserRepository.UpdateAvatar(String path) â E:\Projects\GitHub\WebSiteMusicBand_CMS\WebSiteMusicBand\Model\UserRepository.cs:ñòðîêà 58
2017-04-25 18:22:33.1529|INFO|WebSiteMusicBand.MvcApplication|Create Account Controller
2017-04-25 18:24:08.7510|INFO|WebSiteMusicBand.MvcApplication|Create Account Controller
2017-04-25 18:24:09.5251|INFO|WebSiteMusicBand.MvcApplication|Create News Controller
2017-04-25 18:24:16.0598|INFO|WebSiteMusicBand.MvcApplication|Create Account Controller
2017-04-25 18:24:16.2979|INFO|WebSiteMusicBand.MvcApplication|Custom user 5 avatar edited
2017-04-25 18:24:16.3169|INFO|WebSiteMusicBand.MvcApplication|file upload on E:\Projects\GitHub\WebSiteMusicBand_CMS\WebSiteMusicBand\Content\Upload\Profile\dope-pope-zapocalypse-new-render-by-dopepope.jpg
2017-04-25 18:24:16.3779|INFO|WebSiteMusicBand.MvcApplication|Create Account Controller
2017-04-25 18:24:20.4778|INFO|WebSiteMusicBand.MvcApplication|Create Account Controller
2017-04-25 18:24:37.5607|INFO|WebSiteMusicBand.MvcApplication|Create Account Controller
2017-04-25 18:24:43.1249|INFO|WebSiteMusicBand.MvcApplication|Create Account Controller
2017-04-25 18:24:57.0615|INFO|WebSiteMusicBand.MvcApplication|Custom user 5 avatar edited
2017-04-25 18:25:03.1047|INFO|WebSiteMusicBand.MvcApplication|file upload on E:\Projects\GitHub\WebSiteMusicBand_CMS\WebSiteMusicBand\Content\Upload\Profile\dope-pope-zapocalypse-new-render-by-dopepope.jpg
2017-04-25 18:25:03.2312|INFO|WebSiteMusicBand.MvcApplication|Create Account Controller
2017-04-25 18:25:31.6751|INFO|WebSiteMusicBand.MvcApplication|Create Account Controller
2017-04-25 18:25:34.3584|INFO|WebSiteMusicBand.MvcApplication|Create Account Controller
2017-04-25 18:26:56.4170|INFO|WebSiteMusicBand.MvcApplication|Create News Controller
2017-04-25 18:27:01.2859|INFO|WebSiteMusicBand.MvcApplication|Create Account Controller
2017-04-25 18:27:24.2449|INFO|WebSiteMusicBand.MvcApplication|Create Account Controller
2017-04-25 18:27:33.4128|INFO|WebSiteMusicBand.MvcApplication|Create Account Controller
2017-04-25 18:28:37.2422|INFO|WebSiteMusicBand.MvcApplication|Create News Controller
2017-04-25 18:28:46.4692|INFO|WebSiteMusicBand.MvcApplication|Create Account Controller
2017-04-25 18:28:49.8138|INFO|WebSiteMusicBand.MvcApplication|Create Account Controller
2017-04-25 18:28:56.0617|INFO|WebSiteMusicBand.MvcApplication|Create Account Controller
2017-04-25 18:29:01.8061|INFO|WebSiteMusicBand.MvcApplication|Custom user 5 avatar edited
2017-04-25 18:29:01.8211|INFO|WebSiteMusicBand.MvcApplication|file upload on E:\Projects\GitHub\WebSiteMusicBand_CMS\WebSiteMusicBand\Content\Upload\Profile\dope-pope-zapocalypse-new-render-by-dopepope.jpg
2017-04-25 18:29:01.8731|INFO|WebSiteMusicBand.MvcApplication|Create Account Controller
2017-04-25 18:29:04.3251|INFO|WebSiteMusicBand.MvcApplication|Create Account Controller
2017-04-25 18:29:16.7738|INFO|WebSiteMusicBand.MvcApplication|Create Account Controller
2017-04-25 18:29:39.1118|INFO|WebSiteMusicBand.MvcApplication|Custom user 5 avatar edited
2017-04-25 18:29:39.1433|INFO|WebSiteMusicBand.MvcApplication|file upload on E:\Projects\GitHub\WebSiteMusicBand_CMS\WebSiteMusicBand\Content\Upload\Profile\dope-pope-zapocalypse-new-render-by-dopepope.jpg
2017-04-25 18:29:39.1813|INFO|WebSiteMusicBand.MvcApplication|Create Account Controller
2017-04-25 18:29:41.4417|INFO|WebSiteMusicBand.MvcApplication|Create Account Controller
2017-04-25 18:30:19.3979|INFO|WebSiteMusicBand.MvcApplication|Create News Controller
2017-04-25 18:30:54.5809|INFO|WebSiteMusicBand.MvcApplication|Create Account Controller
2017-04-25 18:31:02.7590|INFO|WebSiteMusicBand.MvcApplication|Create Account Controller
2017-04-25 18:31:09.2000|INFO|WebSiteMusicBand.MvcApplication|Create Account Controller
2017-04-25 18:32:05.2955|INFO|WebSiteMusicBand.MvcApplication|Custom user 5 avatar edited
2017-04-25 18:32:05.3345|INFO|WebSiteMusicBand.MvcApplication|file upload on E:\Projects\GitHub\WebSiteMusicBand_CMS\WebSiteMusicBand\Content\Upload\Profile\dope-pope-zapocalypse-new-render-by-dopepope.jpg
2017-04-25 18:32:05.3890|INFO|WebSiteMusicBand.MvcApplication|Create Account Controller
2017-04-25 18:32:08.8546|INFO|WebSiteMusicBand.MvcApplication|Create Account Controller
2017-04-25 18:32:14.4789|INFO|WebSiteMusicBand.MvcApplication|Create News Controller
2017-04-25 18:32:17.0344|INFO|WebSiteMusicBand.MvcApplication|Create News Controller
